#
# There is insufficient memory for the Java Runtime Environment to continue.
# Native memory allocation (malloc) failed to allocate 1048576 bytes for AllocateHeap
# Possible reasons:
#   The system is out of physical RAM or swap space
#   The process is running with CompressedOops enabled, and the Java Heap may be blocking the growth of the native heap
# Possible solutions:
#   Reduce memory load on the system
#   Increase physical memory or swap space
#   Check if swap backing store is full
#   Decrease Java heap size (-Xmx/-Xms)
#   Decrease number of Java threads
#   Decrease Java thread stack sizes (-Xss)
#   Set larger code cache with -XX:ReservedCodeCacheSize=
#   JVM is running with Unscaled Compressed Oops mode in which the Java heap is
#     placed in the first 4GB address space. The Java Heap base address is the
#     maximum limit for the native heap growth. Please use -XX:HeapBaseMinAddress
#     to set the Java Heap base and to place the Java Heap above 4GB virtual address.
# This output file may be truncated or incomplete.
#
#  Out of Memory Error (./src/hotspot/share/memory/allocation.cpp:46), pid=2752, tid=6916
#
# JRE version: OpenJDK Runtime Environment Corretto-11.0.15.9.1 (11.0.15+9) (build 11.0.15+9-LTS)
# Java VM: OpenJDK 64-Bit Server VM Corretto-11.0.15.9.1 (11.0.15+9-LTS, mixed mode, tiered, compressed oops, g1 gc, windows-amd64)
# No core dump will be written. Minidumps are not enabled by default on client versions of Windows
#

---------------  S U M M A R Y ------------

Command Line: -XX:TieredStopAtLevel=1 -Xverify:none -Dspring.profiles.active=test -Dspring.output.ansi.enabled=always -Dcom.sun.management.jmxremote -Dspring.jmx.enabled=true -Dspring.liveBeansView.mbeanDomain -Dspring.application.admin.enabled=true -Dmanagement.endpoints.jmx.exposure.include=* -javaagent:H:\java\IntelliJ IDEA 2022.2.3\lib\idea_rt.jar=52625:H:\java\IntelliJ IDEA 2022.2.3\bin -Dfile.encoding=UTF-8 ru.practicum.shareit.ShareItApp

Host: Intel(R) Core(TM) i5-4460  CPU @ 3.20GHz, 4 cores, 7G,  Windows 7 , 64 bit Build 7601 (6.1.7601.19045)
Time: Sun Mar  5 05:14:23 2023 RTZ 3 (зима) elapsed time: 23.646997 seconds (0d 0h 0m 23s)

---------------  T H R E A D  ---------------

Current thread (0x00000000623b4000):  VMThread "VM Thread" [stack: 0x00000000624f0000,0x00000000625f0000] [id=6916]

Stack: [0x00000000624f0000,0x00000000625f0000]
[error occurred during error reporting (printing stack bounds), id 0xc0000005, EXCEPTION_ACCESS_VIOLATION (0xc0000005) at pc=0x000000000af0112d]

Native frames: (J=compiled Java code, j=interpreted, Vv=VM code, C=native code)
V  [jvm.dll+0x61e7ba]
V  [jvm.dll+0x7ab749]
V  [jvm.dll+0x7ace38]
V  [jvm.dll+0x7ad475]
V  [jvm.dll+0x7ad42b]
V  [jvm.dll+0x61db47]
V  [jvm.dll+0x61e258]
C  [ntdll.dll+0x2905d]
C  [ntdll.dll+0x18c0f]
C  [ntdll.dll+0x4d948]
C  0x000000000af0112d

VM_Operation (0x000000000241ad50): CollectForMetadataAllocation, mode: safepoint, requested by thread 0x0000000000324000


---------------  P R O C E S S  ---------------

Threads class SMR info:
_java_thread_list=0x0000000066036090, length=17, elements={
0x0000000000324000, 0x00000000623f7800, 0x00000000623f8800, 0x0000000062415000,
0x0000000062418000, 0x0000000062419000, 0x000000006241c000, 0x0000000062446800,
0x00000000624bf800, 0x0000000063715000, 0x00000000638da800, 0x0000000063a3c800,
0x0000000063cf6000, 0x0000000063c7f000, 0x0000000063c7c800, 0x0000000063c7d000,
0x0000000063acc000
}

Java Threads: ( => current thread )
  0x0000000000324000 JavaThread "main" [_thread_blocked, id=9324, stack(0x0000000002320000,0x0000000002420000)]
  0x00000000623f7800 JavaThread "Reference Handler" daemon [_thread_blocked, id=8544, stack(0x00000000627a0000,0x00000000628a0000)]
  0x00000000623f8800 JavaThread "Finalizer" daemon [_thread_blocked, id=11064, stack(0x0000000062910000,0x0000000062a10000)]
  0x0000000062415000 JavaThread "Signal Dispatcher" daemon [_thread_blocked, id=8556, stack(0x0000000062610000,0x0000000062710000)]
  0x0000000062418000 JavaThread "Attach Listener" daemon [_thread_blocked, id=7240, stack(0x0000000062a70000,0x0000000062b70000)]
  0x0000000062419000 JavaThread "Service Thread" daemon [_thread_blocked, id=9376, stack(0x0000000062d50000,0x0000000062e50000)]
  0x000000006241c000 JavaThread "C1 CompilerThread0" daemon [_thread_blocked, id=8484, stack(0x0000000062c10000,0x0000000062d10000)]
  0x0000000062446800 JavaThread "Sweeper thread" daemon [_thread_blocked, id=6088, stack(0x0000000062f30000,0x0000000063030000)]
  0x00000000624bf800 JavaThread "Common-Cleaner" daemon [_thread_blocked, id=10568, stack(0x0000000063460000,0x0000000063560000)]
  0x0000000063715000 JavaThread "Monitor Ctrl-Break" daemon [_thread_in_native, id=10456, stack(0x0000000063f80000,0x0000000064080000)]
  0x00000000638da800 JavaThread "RMI TCP Accept-0" daemon [_thread_in_native, id=5292, stack(0x0000000064a10000,0x0000000064b10000)]
  0x0000000063a3c800 JavaThread "RMI TCP Connection(1)-192.168.0.75" daemon [_thread_blocked, id=8168, stack(0x0000000065560000,0x0000000065660000)]
  0x0000000063cf6000 JavaThread "RMI Scheduler(0)" daemon [_thread_blocked, id=10900, stack(0x0000000065770000,0x0000000065870000)]
  0x0000000063c7f000 JavaThread "Catalina-utility-1" [_thread_blocked, id=7344, stack(0x0000000064e80000,0x0000000064f80000)]
  0x0000000063c7c800 JavaThread "Catalina-utility-2" [_thread_blocked, id=10476, stack(0x0000000065cd0000,0x0000000065dd0000)]
  0x0000000063c7d000 JavaThread "container-0" [_thread_blocked, id=3952, stack(0x0000000067df0000,0x0000000067ef0000)]
  0x0000000063acc000 JavaThread "HikariPool-1 housekeeper" daemon [_thread_blocked, id=9824, stack(0x0000000068400000,0x0000000068500000)]

Other Threads:
=>0x00000000623b4000 VMThread "VM Thread" [stack: 0x00000000624f0000,0x00000000625f0000] [id=6916]
  0x00000000638e6800 WatcherThread [stack: 0x0000000064d30000,0x0000000064e30000] [id=10276]
  0x000000000033c800 GCTaskThread "GC Thread#0" [stack: 0x000000001a1a0000,0x000000001a2a0000] [id=7860]
  0x00000000639a5000 GCTaskThread "GC Thread#1" [stack: 0x00000000647f0000,0x00000000648f0000] [id=10812]
  0x00000000639a5800 GCTaskThread "GC Thread#2" [stack: 0x0000000064f80000,0x0000000065080000] [id=9580]
  0x0000000065e10800 GCTaskThread "GC Thread#3" [stack: 0x0000000066e70000,0x0000000066f70000] [id=10704]
  0x000000000036c000 ConcurrentGCThread "G1 Main Marker" [stack: 0x000000001f200000,0x000000001f300000] [id=2512]
  0x000000000036e800 ConcurrentGCThread "G1 Conc#0" [stack: 0x000000001f310000,0x000000001f410000] [id=11156]
  0x000000002179a800 ConcurrentGCThread "G1 Refine#0" [stack: 0x0000000021840000,0x0000000021940000] [id=4628]
  0x0000000063141000 ConcurrentGCThread "G1 Refine#1" [stack: 0x00000000651a0000,0x00000000652a0000] [id=9204]
  0x000000002179b000 ConcurrentGCThread "G1 Young RemSet Sampling" [stack: 0x00000000219c0000,0x0000000021ac0000] [id=5912]

Threads with active compile tasks:

VM state:at safepoint (normal execution)

VM Mutex/Monitor currently owned by a thread:  ([mutex/lock_event])
[0x00000000003215c0] Threads_lock - owner thread: 0x00000000623b4000
[0x0000000000321da0] Heap_lock - owner thread: 0x0000000000324000

Heap address: 0x0000000082000000, size: 2016 MB, Compressed Oops mode: 32-bit
Narrow klass base: 0x0000000000000000, Narrow klass shift: 0
Compressed class space size: 1073741824 Address: 0x0000000021ac0000

Heap:
 garbage-first heap   total 129024K, used 26984K [0x0000000082000000, 0x0000000100000000)
  region size 1024K, 6 young (6144K), 6 survivors (6144K)
 Metaspace       used 59638K, capacity 61731K, committed 61776K, reserved 1101824K
  class space    used 7749K, capacity 8608K, committed 8608K, reserved 1048576K
Heap Regions: E=young(eden), S=young(survivor), O=old, HS=humongous(starts), HC=humongous(continues), CS=collection set, F=free, A=archive, TAMS=top-at-mark-start (previous, next)
|   0|0x0000000082000000, 0x0000000082100000, 0x0000000082100000|100%|HS|  |TAMS 0x0000000082100000, 0x0000000082100000| Complete 
|   1|0x0000000082100000, 0x0000000082200000, 0x0000000082200000|100%| O|  |TAMS 0x0000000082200000, 0x0000000082200000| Untracked 
|   2|0x0000000082200000, 0x0000000082300000, 0x0000000082300000|100%| O|  |TAMS 0x0000000082300000, 0x0000000082300000| Untracked 
|   3|0x0000000082300000, 0x0000000082400000, 0x0000000082400000|100%| O|  |TAMS 0x0000000082400000, 0x0000000082400000| Untracked 
|   4|0x0000000082400000, 0x0000000082500000, 0x0000000082500000|100%| O|  |TAMS 0x0000000082500000, 0x0000000082500000| Untracked 
|   5|0x0000000082500000, 0x0000000082600000, 0x0000000082600000|100%| O|  |TAMS 0x0000000082600000, 0x0000000082600000| Untracked 
|   6|0x0000000082600000, 0x0000000082700000, 0x0000000082700000|100%| O|  |TAMS 0x0000000082700000, 0x0000000082700000| Untracked 
|   7|0x0000000082700000, 0x0000000082800000, 0x0000000082800000|100%| O|  |TAMS 0x0000000082800000, 0x0000000082800000| Untracked 
|   8|0x0000000082800000, 0x0000000082900000, 0x0000000082900000|100%| O|  |TAMS 0x0000000082900000, 0x0000000082900000| Untracked 
|   9|0x0000000082900000, 0x0000000082a00000, 0x0000000082a00000|100%| O|  |TAMS 0x0000000082a00000, 0x0000000082a00000| Untracked 
|  10|0x0000000082a00000, 0x0000000082b00000, 0x0000000082b00000|100%| O|  |TAMS 0x0000000082b00000, 0x0000000082b00000| Untracked 
|  11|0x0000000082b00000, 0x0000000082c00000, 0x0000000082c00000|100%| O|  |TAMS 0x0000000082c00000, 0x0000000082c00000| Untracked 
|  12|0x0000000082c00000, 0x0000000082d00000, 0x0000000082d00000|100%| O|  |TAMS 0x0000000082d00000, 0x0000000082d00000| Untracked 
|  13|0x0000000082d00000, 0x0000000082e00000, 0x0000000082e00000|100%| O|  |TAMS 0x0000000082e00000, 0x0000000082e00000| Untracked 
|  14|0x0000000082e00000, 0x0000000082f00000, 0x0000000082f00000|100%| O|  |TAMS 0x0000000082f00000, 0x0000000082f00000| Untracked 
|  15|0x0000000082f00000, 0x0000000083000000, 0x0000000083000000|100%| O|  |TAMS 0x0000000083000000, 0x0000000083000000| Untracked 
|  16|0x0000000083000000, 0x0000000083100000, 0x0000000083100000|100%| O|  |TAMS 0x0000000083100000, 0x0000000083100000| Untracked 
|  17|0x0000000083100000, 0x0000000083200000, 0x0000000083200000|100%| O|  |TAMS 0x0000000083200000, 0x0000000083200000| Untracked 
|  18|0x0000000083200000, 0x0000000083300000, 0x0000000083300000|100%| O|  |TAMS 0x0000000083300000, 0x0000000083300000| Untracked 
|  19|0x0000000083300000, 0x0000000083400000, 0x0000000083400000|100%| O|  |TAMS 0x0000000083400000, 0x0000000083400000| Untracked 
|  20|0x0000000083400000, 0x000000008345a200, 0x0000000083500000| 35%| O|  |TAMS 0x000000008345a200, 0x000000008345a200| Untracked 
|  21|0x0000000083500000, 0x0000000083500000, 0x0000000083600000|  0%| F|  |TAMS 0x0000000083500000, 0x0000000083500000| Untracked 
|  22|0x0000000083600000, 0x0000000083600000, 0x0000000083700000|  0%| F|  |TAMS 0x0000000083600000, 0x0000000083600000| Untracked 
|  23|0x0000000083700000, 0x0000000083700000, 0x0000000083800000|  0%| F|  |TAMS 0x0000000083700000, 0x0000000083700000| Untracked 
|  24|0x0000000083800000, 0x0000000083800000, 0x0000000083900000|  0%| F|  |TAMS 0x0000000083800000, 0x0000000083800000| Untracked 
|  25|0x0000000083900000, 0x0000000083900000, 0x0000000083a00000|  0%| F|  |TAMS 0x0000000083900000, 0x0000000083900000| Untracked 
|  26|0x0000000083a00000, 0x0000000083a00000, 0x0000000083b00000|  0%| F|  |TAMS 0x0000000083a00000, 0x0000000083a00000| Untracked 
|  27|0x0000000083b00000, 0x0000000083b00000, 0x0000000083c00000|  0%| F|  |TAMS 0x0000000083b00000, 0x0000000083b00000| Untracked 
|  28|0x0000000083c00000, 0x0000000083c00000, 0x0000000083d00000|  0%| F|  |TAMS 0x0000000083c00000, 0x0000000083c00000| Untracked 
|  29|0x0000000083d00000, 0x0000000083d00000, 0x0000000083e00000|  0%| F|  |TAMS 0x0000000083d00000, 0x0000000083d00000| Untracked 
|  30|0x0000000083e00000, 0x0000000083e00000, 0x0000000083f00000|  0%| F|  |TAMS 0x0000000083e00000, 0x0000000083e00000| Untracked 
|  31|0x0000000083f00000, 0x0000000083f00000, 0x0000000084000000|  0%| F|  |TAMS 0x0000000083f00000, 0x0000000083f00000| Untracked 
|  32|0x0000000084000000, 0x0000000084000000, 0x0000000084100000|  0%| F|  |TAMS 0x0000000084000000, 0x0000000084000000| Untracked 
|  33|0x0000000084100000, 0x0000000084100000, 0x0000000084200000|  0%| F|  |TAMS 0x0000000084100000, 0x0000000084100000| Untracked 
|  34|0x0000000084200000, 0x0000000084200000, 0x0000000084300000|  0%| F|  |TAMS 0x0000000084200000, 0x0000000084200000| Untracked 
|  35|0x0000000084300000, 0x0000000084300000, 0x0000000084400000|  0%| F|  |TAMS 0x0000000084300000, 0x0000000084300000| Untracked 
|  36|0x0000000084400000, 0x0000000084400000, 0x0000000084500000|  0%| F|  |TAMS 0x0000000084400000, 0x0000000084400000| Untracked 
|  37|0x0000000084500000, 0x0000000084500000, 0x0000000084600000|  0%| F|  |TAMS 0x0000000084500000, 0x0000000084500000| Untracked 
|  38|0x0000000084600000, 0x0000000084600000, 0x0000000084700000|  0%| F|  |TAMS 0x0000000084600000, 0x0000000084600000| Untracked 
|  39|0x0000000084700000, 0x0000000084700000, 0x0000000084800000|  0%| F|  |TAMS 0x0000000084700000, 0x0000000084700000| Untracked 
|  40|0x0000000084800000, 0x0000000084800000, 0x0000000084900000|  0%| F|  |TAMS 0x0000000084800000, 0x0000000084800000| Untracked 
|  41|0x0000000084900000, 0x0000000084900000, 0x0000000084a00000|  0%| F|  |TAMS 0x0000000084900000, 0x0000000084900000| Untracked 
|  42|0x0000000084a00000, 0x0000000084a00000, 0x0000000084b00000|  0%| F|  |TAMS 0x0000000084a00000, 0x0000000084a00000| Untracked 
|  43|0x0000000084b00000, 0x0000000084b00000, 0x0000000084c00000|  0%| F|  |TAMS 0x0000000084b00000, 0x0000000084b00000| Untracked 
|  44|0x0000000084c00000, 0x0000000084c00000, 0x0000000084d00000|  0%| F|  |TAMS 0x0000000084c00000, 0x0000000084c00000| Untracked 
|  45|0x0000000084d00000, 0x0000000084d00000, 0x0000000084e00000|  0%| F|  |TAMS 0x0000000084d00000, 0x0000000084d00000| Untracked 
|  46|0x0000000084e00000, 0x0000000084e00000, 0x0000000084f00000|  0%| F|  |TAMS 0x0000000084e00000, 0x0000000084e00000| Untracked 
|  47|0x0000000084f00000, 0x0000000084f00000, 0x0000000085000000|  0%| F|  |TAMS 0x0000000084f00000, 0x0000000084f00000| Untracked 
|  48|0x0000000085000000, 0x0000000085000000, 0x0000000085100000|  0%| F|  |TAMS 0x0000000085000000, 0x0000000085000000| Untracked 
|  49|0x0000000085100000, 0x0000000085100000, 0x0000000085200000|  0%| F|  |TAMS 0x0000000085100000, 0x0000000085100000| Untracked 
|  50|0x0000000085200000, 0x0000000085200000, 0x0000000085300000|  0%| F|  |TAMS 0x0000000085200000, 0x0000000085200000| Untracked 
|  51|0x0000000085300000, 0x0000000085300000, 0x0000000085400000|  0%| F|  |TAMS 0x0000000085300000, 0x0000000085300000| Untracked 
|  52|0x0000000085400000, 0x0000000085400000, 0x0000000085500000|  0%| F|  |TAMS 0x0000000085400000, 0x0000000085400000| Untracked 
|  53|0x0000000085500000, 0x0000000085500000, 0x0000000085600000|  0%| F|  |TAMS 0x0000000085500000, 0x0000000085500000| Untracked 
|  54|0x0000000085600000, 0x0000000085600000, 0x0000000085700000|  0%| F|  |TAMS 0x0000000085600000, 0x0000000085600000| Untracked 
|  55|0x0000000085700000, 0x0000000085700000, 0x0000000085800000|  0%| F|  |TAMS 0x0000000085700000, 0x0000000085700000| Untracked 
|  56|0x0000000085800000, 0x0000000085800000, 0x0000000085900000|  0%| F|  |TAMS 0x0000000085800000, 0x0000000085800000| Untracked 
|  57|0x0000000085900000, 0x0000000085900000, 0x0000000085a00000|  0%| F|  |TAMS 0x0000000085900000, 0x0000000085900000| Untracked 
|  58|0x0000000085a00000, 0x0000000085a00000, 0x0000000085b00000|  0%| F|  |TAMS 0x0000000085a00000, 0x0000000085a00000| Untracked 
|  59|0x0000000085b00000, 0x0000000085b00000, 0x0000000085c00000|  0%| F|  |TAMS 0x0000000085b00000, 0x0000000085b00000| Untracked 
|  60|0x0000000085c00000, 0x0000000085c00000, 0x0000000085d00000|  0%| F|  |TAMS 0x0000000085c00000, 0x0000000085c00000| Untracked 
|  61|0x0000000085d00000, 0x0000000085d00000, 0x0000000085e00000|  0%| F|  |TAMS 0x0000000085d00000, 0x0000000085d00000| Untracked 
|  62|0x0000000085e00000, 0x0000000085e00000, 0x0000000085f00000|  0%| F|  |TAMS 0x0000000085e00000, 0x0000000085e00000| Untracked 
|  63|0x0000000085f00000, 0x0000000085f00000, 0x0000000086000000|  0%| F|  |TAMS 0x0000000085f00000, 0x0000000085f00000| Untracked 
|  64|0x0000000086000000, 0x0000000086000000, 0x0000000086100000|  0%| F|  |TAMS 0x0000000086000000, 0x0000000086000000| Untracked 
|  65|0x0000000086100000, 0x0000000086100000, 0x0000000086200000|  0%| F|  |TAMS 0x0000000086100000, 0x0000000086100000| Untracked 
|  66|0x0000000086200000, 0x0000000086200000, 0x0000000086300000|  0%| F|  |TAMS 0x0000000086200000, 0x0000000086200000| Untracked 
|  67|0x0000000086300000, 0x0000000086300000, 0x0000000086400000|  0%| F|  |TAMS 0x0000000086300000, 0x0000000086300000| Untracked 
|  68|0x0000000086400000, 0x0000000086400000, 0x0000000086500000|  0%| F|  |TAMS 0x0000000086400000, 0x0000000086400000| Untracked 
|  69|0x0000000086500000, 0x0000000086500000, 0x0000000086600000|  0%| F|  |TAMS 0x0000000086500000, 0x0000000086500000| Untracked 
|  70|0x0000000086600000, 0x0000000086600000, 0x0000000086700000|  0%| F|  |TAMS 0x0000000086600000, 0x0000000086600000| Untracked 
|  71|0x0000000086700000, 0x0000000086700000, 0x0000000086800000|  0%| F|  |TAMS 0x0000000086700000, 0x0000000086700000| Untracked 
|  72|0x0000000086800000, 0x0000000086800000, 0x0000000086900000|  0%| F|  |TAMS 0x0000000086800000, 0x0000000086800000| Untracked 
|  73|0x0000000086900000, 0x0000000086900000, 0x0000000086a00000|  0%| F|  |TAMS 0x0000000086900000, 0x0000000086900000| Untracked 
|  74|0x0000000086a00000, 0x0000000086a00000, 0x0000000086b00000|  0%| F|  |TAMS 0x0000000086a00000, 0x0000000086a00000| Untracked 
|  75|0x0000000086b00000, 0x0000000086b00000, 0x0000000086c00000|  0%| F|  |TAMS 0x0000000086b00000, 0x0000000086b00000| Untracked 
|  76|0x0000000086c00000, 0x0000000086c00000, 0x0000000086d00000|  0%| F|  |TAMS 0x0000000086c00000, 0x0000000086c00000| Untracked 
|  77|0x0000000086d00000, 0x0000000086d00000, 0x0000000086e00000|  0%| F|  |TAMS 0x0000000086d00000, 0x0000000086d00000| Untracked 
|  78|0x0000000086e00000, 0x0000000086e00000, 0x0000000086f00000|  0%| F|  |TAMS 0x0000000086e00000, 0x0000000086e00000| Untracked 
|  79|0x0000000086f00000, 0x0000000086f00000, 0x0000000087000000|  0%| F|  |TAMS 0x0000000086f00000, 0x0000000086f00000| Untracked 
|  80|0x0000000087000000, 0x0000000087000000, 0x0000000087100000|  0%| F|  |TAMS 0x0000000087000000, 0x0000000087000000| Untracked 
|  81|0x0000000087100000, 0x0000000087100000, 0x0000000087200000|  0%| F|  |TAMS 0x0000000087100000, 0x0000000087100000| Untracked 
|  82|0x0000000087200000, 0x0000000087200000, 0x0000000087300000|  0%| F|  |TAMS 0x0000000087200000, 0x0000000087200000| Untracked 
|  83|0x0000000087300000, 0x0000000087300000, 0x0000000087400000|  0%| F|  |TAMS 0x0000000087300000, 0x0000000087300000| Untracked 
|  84|0x0000000087400000, 0x0000000087400000, 0x0000000087500000|  0%| F|  |TAMS 0x0000000087400000, 0x0000000087400000| Untracked 
|  85|0x0000000087500000, 0x0000000087500000, 0x0000000087600000|  0%| F|  |TAMS 0x0000000087500000, 0x0000000087500000| Untracked 
|  86|0x0000000087600000, 0x0000000087600000, 0x0000000087700000|  0%| F|  |TAMS 0x0000000087600000, 0x0000000087600000| Untracked 
|  87|0x0000000087700000, 0x0000000087700000, 0x0000000087800000|  0%| F|  |TAMS 0x0000000087700000, 0x0000000087700000| Untracked 
|  88|0x0000000087800000, 0x0000000087800000, 0x0000000087900000|  0%| F|  |TAMS 0x0000000087800000, 0x0000000087800000| Untracked 
|  89|0x0000000087900000, 0x0000000087900000, 0x0000000087a00000|  0%| F|  |TAMS 0x0000000087900000, 0x0000000087900000| Untracked 
|  90|0x0000000087a00000, 0x0000000087a00000, 0x0000000087b00000|  0%| F|  |TAMS 0x0000000087a00000, 0x0000000087a00000| Untracked 
|  91|0x0000000087b00000, 0x0000000087b00000, 0x0000000087c00000|  0%| F|  |TAMS 0x0000000087b00000, 0x0000000087b00000| Untracked 
|  92|0x0000000087c00000, 0x0000000087c00000, 0x0000000087d00000|  0%| F|  |TAMS 0x0000000087c00000, 0x0000000087c00000| Untracked 
|  93|0x0000000087d00000, 0x0000000087e00000, 0x0000000087e00000|100%| S|CS|TAMS 0x0000000087d00000, 0x0000000087d00000| Complete 
|  94|0x0000000087e00000, 0x0000000087f00000, 0x0000000087f00000|100%| S|CS|TAMS 0x0000000087e00000, 0x0000000087e00000| Complete 
|  95|0x0000000087f00000, 0x0000000088000000, 0x0000000088000000|100%| S|CS|TAMS 0x0000000087f00000, 0x0000000087f00000| Complete 
|  96|0x0000000088000000, 0x0000000088100000, 0x0000000088100000|100%| S|CS|TAMS 0x0000000088000000, 0x0000000088000000| Complete 
|  97|0x0000000088100000, 0x0000000088200000, 0x0000000088200000|100%| S|CS|TAMS 0x0000000088100000, 0x0000000088100000| Complete 
|  98|0x0000000088200000, 0x0000000088300000, 0x0000000088300000|100%| S|CS|TAMS 0x0000000088200000, 0x0000000088200000| Complete 
|  99|0x0000000088300000, 0x0000000088300000, 0x0000000088400000|  0%| F|  |TAMS 0x0000000088300000, 0x0000000088300000| Untracked 
| 100|0x0000000088400000, 0x0000000088400000, 0x0000000088500000|  0%| F|  |TAMS 0x0000000088400000, 0x0000000088400000| Untracked 
| 101|0x0000000088500000, 0x0000000088500000, 0x0000000088600000|  0%| F|  |TAMS 0x0000000088500000, 0x0000000088500000| Untracked 
| 102|0x0000000088600000, 0x0000000088600000, 0x0000000088700000|  0%| F|  |TAMS 0x0000000088600000, 0x0000000088600000| Untracked 
| 103|0x0000000088700000, 0x0000000088700000, 0x0000000088800000|  0%| F|  |TAMS 0x0000000088700000, 0x0000000088700000| Untracked 
| 104|0x0000000088800000, 0x0000000088800000, 0x0000000088900000|  0%| F|  |TAMS 0x0000000088800000, 0x0000000088800000| Untracked 
| 105|0x0000000088900000, 0x0000000088900000, 0x0000000088a00000|  0%| F|  |TAMS 0x0000000088900000, 0x0000000088900000| Untracked 
| 106|0x0000000088a00000, 0x0000000088a00000, 0x0000000088b00000|  0%| F|  |TAMS 0x0000000088a00000, 0x0000000088a00000| Untracked 
| 107|0x0000000088b00000, 0x0000000088b00000, 0x0000000088c00000|  0%| F|  |TAMS 0x0000000088b00000, 0x0000000088b00000| Untracked 
| 108|0x0000000088c00000, 0x0000000088c00000, 0x0000000088d00000|  0%| F|  |TAMS 0x0000000088c00000, 0x0000000088c00000| Untracked 
| 109|0x0000000088d00000, 0x0000000088d00000, 0x0000000088e00000|  0%| F|  |TAMS 0x0000000088d00000, 0x0000000088d00000| Untracked 
| 110|0x0000000088e00000, 0x0000000088e00000, 0x0000000088f00000|  0%| F|  |TAMS 0x0000000088e00000, 0x0000000088e00000| Untracked 
| 111|0x0000000088f00000, 0x0000000088f00000, 0x0000000089000000|  0%| F|  |TAMS 0x0000000088f00000, 0x0000000088f00000| Untracked 
| 112|0x0000000089000000, 0x0000000089000000, 0x0000000089100000|  0%| F|  |TAMS 0x0000000089000000, 0x0000000089000000| Untracked 
| 113|0x0000000089100000, 0x0000000089100000, 0x0000000089200000|  0%| F|  |TAMS 0x0000000089100000, 0x0000000089100000| Untracked 
| 114|0x0000000089200000, 0x0000000089200000, 0x0000000089300000|  0%| F|  |TAMS 0x0000000089200000, 0x0000000089200000| Untracked 
| 115|0x0000000089300000, 0x0000000089300000, 0x0000000089400000|  0%| F|  |TAMS 0x0000000089300000, 0x0000000089300000| Untracked 
| 116|0x0000000089400000, 0x0000000089400000, 0x0000000089500000|  0%| F|  |TAMS 0x0000000089400000, 0x0000000089400000| Untracked 
| 117|0x0000000089500000, 0x0000000089500000, 0x0000000089600000|  0%| F|  |TAMS 0x0000000089500000, 0x0000000089500000| Untracked 
| 118|0x0000000089600000, 0x0000000089600000, 0x0000000089700000|  0%| F|  |TAMS 0x0000000089600000, 0x0000000089600000| Untracked 
| 119|0x0000000089700000, 0x0000000089700000, 0x0000000089800000|  0%| F|  |TAMS 0x0000000089700000, 0x0000000089700000| Untracked 
| 120|0x0000000089800000, 0x0000000089800000, 0x0000000089900000|  0%| F|  |TAMS 0x0000000089800000, 0x0000000089800000| Untracked 
| 121|0x0000000089900000, 0x0000000089900000, 0x0000000089a00000|  0%| F|  |TAMS 0x0000000089900000, 0x0000000089900000| Untracked 
| 122|0x0000000089a00000, 0x0000000089a00000, 0x0000000089b00000|  0%| F|  |TAMS 0x0000000089a00000, 0x0000000089a00000| Untracked 
| 123|0x0000000089b00000, 0x0000000089b00000, 0x0000000089c00000|  0%| F|  |TAMS 0x0000000089b00000, 0x0000000089b00000| Untracked 
| 124|0x0000000089c00000, 0x0000000089c00000, 0x0000000089d00000|  0%| F|  |TAMS 0x0000000089c00000, 0x0000000089c00000| Untracked 
| 125|0x0000000089d00000, 0x0000000089d00000, 0x0000000089e00000|  0%| F|  |TAMS 0x0000000089d00000, 0x0000000089d00000| Untracked 

Card table byte_map: [0x000000001a9c0000,0x000000001adb0000] _byte_map_base: 0x000000001a5b0000

Marking Bits (Prev, Next): (CMBitMap*) 0x00000000003637b0, (CMBitMap*) 0x0000000000363778
 Prev Bits: [0x000000001d120000, 0x000000001f0a0000)
 Next Bits: [0x000000001b1a0000, 0x000000001d120000)

Polling page: 0x0000000000230000

Metaspace:

Usage:
  Non-class:     51.88 MB capacity,    50.67 MB ( 98%) used,   992.63 KB (  2%) free+waste,   241.81 KB ( <1%) overhead. 
      Class:      8.41 MB capacity,     7.57 MB ( 90%) used,   738.16 KB (  9%) free+waste,   119.94 KB (  1%) overhead. 
       Both:     60.28 MB capacity,    58.24 MB ( 97%) used,     1.69 MB (  3%) free+waste,   361.75 KB ( <1%) overhead. 

Virtual space:
  Non-class space:       52.00 MB reserved,      51.92 MB (>99%) committed 
      Class space:        1.00 GB reserved,       8.41 MB ( <1%) committed 
             Both:        1.05 GB reserved,      60.33 MB (  6%) committed 

Chunk freelists:
   Non-Class:  45.00 KB
       Class:  0 bytes
        Both:  45.00 KB

MaxMetaspaceSize: 17179869184.00 GB
CompressedClassSpaceSize: 1.00 GB
Initial GC threshold: 20.80 MB
Current GC threshold: 99.00 MB
CDS: off

CodeHeap 'non-profiled nmethods': size=238912Kb used=8300Kb max_used=8300Kb free=230611Kb
 bounds [0x000000000b5b0000, 0x000000000bdd0000, 0x0000000019f00000]
CodeHeap 'non-nmethods': size=6848Kb used=1301Kb max_used=1301Kb free=5546Kb
 bounds [0x000000000af00000, 0x000000000b170000, 0x000000000b5b0000]
 total_blobs=6048 nmethods=5439 adapters=536
 compilation: enabled
              stopped_count=0, restarted_count=0
 full_count=0

Compilation events (20 events):
Event: 23.430 Thread 0x000000006241c000 5430       1       org.springframework.core.MethodParameter::computeParameterType (59 bytes)
Event: 23.431 Thread 0x000000006241c000 nmethod 5430 0x000000000bdc7e90 code [0x000000000bdc8060, 0x000000000bdc8248]
Event: 23.432 Thread 0x000000006241c000 5431       1       org.springframework.core.SerializableTypeWrapper$MethodInvokeTypeProvider::getType (58 bytes)
Event: 23.432 Thread 0x000000006241c000 nmethod 5431 0x000000000bdc8390 code [0x000000000bdc85c0, 0x000000000bdc8a68]
Event: 23.434 Thread 0x000000006241c000 5432       1       java.lang.ClassLoader::getResource (41 bytes)
Event: 23.434 Thread 0x000000006241c000 nmethod 5432 0x000000000bdc8d90 code [0x000000000bdc8f80, 0x000000000bdc9198]
Event: 23.456 Thread 0x000000006241c000 5433       1       org.springframework.beans.factory.support.AbstractAutowireCapableBeanFactory::getLogger (5 bytes)
Event: 23.456 Thread 0x000000006241c000 nmethod 5433 0x000000000bdc9290 code [0x000000000bdc9440, 0x000000000bdc94f8]
Event: 23.459 Thread 0x000000006241c000 5434       1       org.springframework.beans.factory.annotation.InitDestroyAnnotationBeanPostProcessor$$Lambda$513/0x0000000021ecf440::get$Lambda (12 bytes)
Event: 23.459 Thread 0x000000006241c000 nmethod 5434 0x000000000bdc9590 code [0x000000000bdc9740, 0x000000000bdc9998]
Event: 23.459 Thread 0x000000006241c000 5435       1       org.springframework.beans.factory.annotation.InitDestroyAnnotationBeanPostProcessor$$Lambda$513/0x0000000021ecf440::<init> (26 bytes)
Event: 23.460 Thread 0x000000006241c000 nmethod 5435 0x000000000bdc9a10 code [0x000000000bdc9bc0, 0x000000000bdc9df8]
Event: 23.466 Thread 0x000000006241c000 5436       1       sun.reflect.generics.tree.MethodTypeSignature::getParameterTypes (5 bytes)
Event: 23.466 Thread 0x000000006241c000 nmethod 5436 0x000000000bdc9e90 code [0x000000000bdca040, 0x000000000bdca0f8]
Event: 23.466 Thread 0x000000006241c000 5437       1       sun.reflect.generics.repository.AbstractRepository::<init> (19 bytes)
Event: 23.466 Thread 0x000000006241c000 nmethod 5437 0x000000000bdca190 code [0x000000000bdca340, 0x000000000bdca4c8]
Event: 23.466 Thread 0x000000006241c000 5438       1       sun.reflect.generics.scope.AbstractScope::getRecvr (5 bytes)
Event: 23.466 Thread 0x000000006241c000 nmethod 5438 0x000000000bdca590 code [0x000000000bdca740, 0x000000000bdca7f8]
Event: 23.467 Thread 0x000000006241c000 5439       1       org.springframework.core.annotation.AnnotatedElementUtils::hasAnnotation (38 bytes)
Event: 23.467 Thread 0x000000006241c000 nmethod 5439 0x000000000bdca890 code [0x000000000bdcaac0, 0x000000000bdcae38]

GC Heap History (20 events):
Event: 4.912 GC heap before
{Heap before GC invocations=1 (full 0):
 garbage-first heap   total 129024K, used 19714K [0x0000000082000000, 0x0000000100000000)
  region size 1024K, 15 young (15360K), 2 survivors (2048K)
 Metaspace       used 15004K, capacity 15496K, committed 15616K, reserved 1062912K
  class space    used 1594K, capacity 1755K, committed 1792K, reserved 1048576K
}
Event: 4.916 GC heap after
{Heap after GC invocations=2 (full 0):
 garbage-first heap   total 129024K, used 8197K [0x0000000082000000, 0x0000000100000000)
  region size 1024K, 2 young (2048K), 2 survivors (2048K)
 Metaspace       used 15004K, capacity 15496K, committed 15616K, reserved 1062912K
  class space    used 1594K, capacity 1755K, committed 1792K, reserved 1048576K
}
Event: 5.375 GC heap before
{Heap before GC invocations=2 (full 0):
 garbage-first heap   total 129024K, used 34821K [0x0000000082000000, 0x0000000100000000)
  region size 1024K, 28 young (28672K), 2 survivors (2048K)
 Metaspace       used 19155K, capacity 19856K, committed 19968K, reserved 1067008K
  class space    used 2217K, capacity 2500K, committed 2560K, reserved 1048576K
}
Event: 5.378 GC heap after
{Heap after GC invocations=3 (full 0):
 garbage-first heap   total 129024K, used 9554K [0x0000000082000000, 0x0000000100000000)
  region size 1024K, 3 young (3072K), 3 survivors (3072K)
 Metaspace       used 19155K, capacity 19856K, committed 19968K, reserved 1067008K
  class space    used 2217K, capacity 2500K, committed 2560K, reserved 1048576K
}
Event: 5.547 GC heap before
{Heap before GC invocations=3 (full 0):
 garbage-first heap   total 129024K, used 15698K [0x0000000082000000, 0x0000000100000000)
  region size 1024K, 11 young (11264K), 3 survivors (3072K)
 Metaspace       used 20493K, capacity 21259K, committed 21552K, reserved 1069056K
  class space    used 2365K, capacity 2674K, committed 2688K, reserved 1048576K
}
Event: 5.551 GC heap after
{Heap after GC invocations=4 (full 0):
 garbage-first heap   total 129024K, used 9889K [0x0000000082000000, 0x0000000100000000)
  region size 1024K, 4 young (4096K), 4 survivors (4096K)
 Metaspace       used 20493K, capacity 21259K, committed 21552K, reserved 1069056K
  class space    used 2365K, capacity 2674K, committed 2688K, reserved 1048576K
}
Event: 7.124 GC heap before
{Heap before GC invocations=5 (full 0):
 garbage-first heap   total 129024K, used 50849K [0x0000000082000000, 0x0000000100000000)
  region size 1024K, 45 young (46080K), 4 survivors (4096K)
 Metaspace       used 25139K, capacity 26039K, committed 26364K, reserved 1073152K
  class space    used 2941K, capacity 3289K, committed 3404K, reserved 1048576K
}
Event: 7.132 GC heap after
{Heap after GC invocations=6 (full 0):
 garbage-first heap   total 129024K, used 11657K [0x0000000082000000, 0x0000000100000000)
  region size 1024K, 5 young (5120K), 5 survivors (5120K)
 Metaspace       used 25139K, capacity 26039K, committed 26364K, reserved 1073152K
  class space    used 2941K, capacity 3289K, committed 3404K, reserved 1048576K
}
Event: 8.513 GC heap before
{Heap before GC invocations=6 (full 0):
 garbage-first heap   total 129024K, used 83337K [0x0000000082000000, 0x0000000100000000)
  region size 1024K, 75 young (76800K), 5 survivors (5120K)
 Metaspace       used 28143K, capacity 29138K, committed 29436K, reserved 1075200K
  class space    used 3410K, capacity 3801K, committed 3916K, reserved 1048576K
}
Event: 8.536 GC heap after
{Heap after GC invocations=7 (full 0):
 garbage-first heap   total 129024K, used 13674K [0x0000000082000000, 0x0000000100000000)
  region size 1024K, 7 young (7168K), 7 survivors (7168K)
 Metaspace       used 28143K, capacity 29138K, committed 29436K, reserved 1075200K
  class space    used 3410K, capacity 3801K, committed 3916K, reserved 1048576K
}
Event: 10.932 GC heap before
{Heap before GC invocations=7 (full 0):
 garbage-first heap   total 129024K, used 79210K [0x0000000082000000, 0x0000000100000000)
  region size 1024K, 72 young (73728K), 7 survivors (7168K)
 Metaspace       used 34670K, capacity 35949K, committed 36048K, reserved 1081344K
  class space    used 4302K, capacity 4853K, committed 4896K, reserved 1048576K
}
Event: 10.948 GC heap after
{Heap after GC invocations=8 (full 0):
 garbage-first heap   total 129024K, used 17456K [0x0000000082000000, 0x0000000100000000)
  region size 1024K, 8 young (8192K), 8 survivors (8192K)
 Metaspace       used 34670K, capacity 35949K, committed 36048K, reserved 1081344K
  class space    used 4302K, capacity 4853K, committed 4896K, reserved 1048576K
}
Event: 16.637 GC heap before
{Heap before GC invocations=9 (full 0):
 garbage-first heap   total 129024K, used 86064K [0x0000000082000000, 0x0000000100000000)
  region size 1024K, 75 young (76800K), 8 survivors (8192K)
 Metaspace       used 44714K, capacity 46328K, committed 46544K, reserved 1089536K
  class space    used 5669K, capacity 6330K, committed 6432K, reserved 1048576K
}
Event: 16.659 GC heap after
{Heap after GC invocations=10 (full 0):
 garbage-first heap   total 129024K, used 20801K [0x0000000082000000, 0x0000000100000000)
  region size 1024K, 8 young (8192K), 8 survivors (8192K)
 Metaspace       used 44714K, capacity 46328K, committed 46544K, reserved 1089536K
  class space    used 5669K, capacity 6330K, committed 6432K, reserved 1048576K
}
Event: 21.914 GC heap before
{Heap before GC invocations=10 (full 0):
 garbage-first heap   total 129024K, used 89409K [0x0000000082000000, 0x0000000100000000)
  region size 1024K, 75 young (76800K), 8 survivors (8192K)
 Metaspace       used 55318K, capacity 57158K, committed 57296K, reserved 1099776K
  class space    used 7167K, capacity 7934K, committed 7968K, reserved 1048576K
}
Event: 21.922 GC heap after
{Heap after GC invocations=11 (full 0):
 garbage-first heap   total 129024K, used 23853K [0x0000000082000000, 0x0000000100000000)
  region size 1024K, 7 young (7168K), 7 survivors (7168K)
 Metaspace       used 55318K, capacity 57158K, committed 57296K, reserved 1099776K
  class space    used 7167K, capacity 7934K, committed 7968K, reserved 1048576K
}
Event: 23.134 GC heap before
{Heap before GC invocations=11 (full 0):
 garbage-first heap   total 129024K, used 65837K [0x0000000082000000, 0x0000000100000000)
  region size 1024K, 49 young (50176K), 7 survivors (7168K)
 Metaspace       used 58334K, capacity 60369K, committed 60496K, reserved 1101824K
  class space    used 7540K, capacity 8326K, committed 8352K, reserved 1048576K
}
Event: 23.141 GC heap after
{Heap after GC invocations=12 (full 0):
 garbage-first heap   total 129024K, used 25517K [0x0000000082000000, 0x0000000100000000)
  region size 1024K, 5 young (5120K), 5 survivors (5120K)
 Metaspace       used 58334K, capacity 60369K, committed 60496K, reserved 1101824K
  class space    used 7540K, capacity 8326K, committed 8352K, reserved 1048576K
}
Event: 23.470 GC heap before
{Heap before GC invocations=13 (full 0):
 garbage-first heap   total 129024K, used 52141K [0x0000000082000000, 0x0000000100000000)
  region size 1024K, 32 young (32768K), 5 survivors (5120K)
 Metaspace       used 59638K, capacity 61731K, committed 61776K, reserved 1101824K
  class space    used 7749K, capacity 8608K, committed 8608K, reserved 1048576K
}
Event: 23.477 GC heap after
{Heap after GC invocations=14 (full 0):
 garbage-first heap   total 129024K, used 26984K [0x0000000082000000, 0x0000000100000000)
  region size 1024K, 6 young (6144K), 6 survivors (6144K)
 Metaspace       used 59638K, capacity 61731K, committed 61776K, reserved 1101824K
  class space    used 7749K, capacity 8608K, committed 8608K, reserved 1048576K
}

Deoptimization events (4 events):
Event: 8.839 Thread 0x0000000000324000 DEOPT PACKING pc=0x000000000b886654 sp=0x000000000241d710
Event: 8.839 Thread 0x0000000000324000 DEOPT UNPACKING pc=0x000000000af4a95e sp=0x000000000241cc78 mode 0
Event: 21.023 Thread 0x0000000000324000 DEOPT PACKING pc=0x000000000b90688f sp=0x000000000241bf80
Event: 21.023 Thread 0x0000000000324000 DEOPT UNPACKING pc=0x000000000af4a95e sp=0x000000000241b488 mode 3

Classes redefined (0 events):
No events

Internal exceptions (20 events):
Event: 22.826 Thread 0x0000000000324000 Exception <a 'java/lang/reflect/InvocationTargetException'{0x00000000888d82f0}> (0x00000000888d82f0) thrown at [./src/hotspot/share/runtime/reflection.cpp, line 1247]
Event: 22.829 Thread 0x0000000000324000 Exception <a 'java/lang/reflect/InvocationTargetException'{0x00000000888f31e0}> (0x00000000888f31e0) thrown at [./src/hotspot/share/runtime/reflection.cpp, line 1247]
Event: 23.066 Thread 0x0000000000324000 Exception <a 'java/lang/reflect/InvocationTargetException'{0x0000000087b87400}> (0x0000000087b87400) thrown at [./src/hotspot/share/runtime/reflection.cpp, line 1247]
Event: 23.073 Thread 0x0000000000324000 Exception <a 'java/lang/reflect/InvocationTargetException'{0x0000000087beb1d0}> (0x0000000087beb1d0) thrown at [./src/hotspot/share/runtime/reflection.cpp, line 1247]
Event: 23.074 Thread 0x0000000000324000 Exception <a 'java/lang/reflect/InvocationTargetException'{0x0000000087bf9e38}> (0x0000000087bf9e38) thrown at [./src/hotspot/share/runtime/reflection.cpp, line 1247]
Event: 23.080 Thread 0x0000000000324000 Exception <a 'java/lang/ClassNotFoundException'{0x0000000087a90c50}: java/lang/ObjectCustomizer> (0x0000000087a90c50) thrown at [./src/hotspot/share/classfile/systemDictionary.cpp, line 230]
Event: 23.080 Thread 0x0000000000324000 Exception <a 'java/lang/ClassNotFoundException'{0x0000000087aa5ca0}: ru/practicum/shareit/item/model/CommentCustomizer> (0x0000000087aa5ca0) thrown at [./src/hotspot/share/classfile/systemDictionary.cpp, line 230]
Event: 23.092 Thread 0x0000000000324000 Exception <a 'java/lang/reflect/InvocationTargetException'{0x000000008753ed90}> (0x000000008753ed90) thrown at [./src/hotspot/share/runtime/reflection.cpp, line 1247]
Event: 23.199 Thread 0x0000000000324000 Exception <a 'java/lang/ClassNotFoundException'{0x0000000089536e78}: java/lang/ObjectCustomizer> (0x0000000089536e78) thrown at [./src/hotspot/share/classfile/systemDictionary.cpp, line 230]
Event: 23.200 Thread 0x0000000000324000 Exception <a 'java/lang/ClassNotFoundException'{0x0000000089551170}: org/springframework/web/servlet/config/annotation/WebMvcConfigurationSupportCustomizer> (0x0000000089551170) thrown at [./src/hotspot/share/classfile/systemDictionary.cpp, line 230]
Event: 23.201 Thread 0x0000000000324000 Exception <a 'java/lang/ClassNotFoundException'{0x0000000089577ad8}: org/springframework/web/servlet/config/annotation/DelegatingWebMvcConfigurationCustomizer> (0x0000000089577ad8) thrown at [./src/hotspot/share/classfile/systemDictionary.cpp, line 230]
Event: 23.201 Thread 0x0000000000324000 Exception <a 'java/lang/ClassNotFoundException'{0x0000000089596ad8}: org/springframework/boot/autoconfigure/web/servlet/WebMvcAutoConfiguration$EnableWebMvcConfigurationCustomizer> (0x0000000089596ad8) thrown at [./src/hotspot/share/classfile/systemDictionary.cpp, line 230]
Event: 23.202 Thread 0x0000000000324000 Exception <a 'java/lang/ClassNotFoundException'{0x00000000895b7100}: org/springframework/context/ResourceLoaderAwareCustomizer> (0x00000000895b7100) thrown at [./src/hotspot/share/classfile/systemDictionary.cpp, line 230]
Event: 23.202 Thread 0x0000000000324000 Exception <a 'java/lang/ClassNotFoundException'{0x00000000895c95a0}: org/springframework/beans/factory/AwareCustomizer> (0x00000000895c95a0) thrown at [./src/hotspot/share/classfile/systemDictionary.cpp, line 230]
Event: 23.202 Thread 0x0000000000324000 Exception <a 'java/lang/ClassNotFoundException'{0x00000000895dc980}: org/springframework/context/ApplicationContextAwareCustomizer> (0x00000000895dc980) thrown at [./src/hotspot/share/classfile/systemDictionary.cpp, line 230]
Event: 23.203 Thread 0x0000000000324000 Exception <a 'java/lang/ClassNotFoundException'{0x00000000895ef7b0}: org/springframework/beans/factory/AwareCustomizer> (0x00000000895ef7b0) thrown at [./src/hotspot/share/classfile/systemDictionary.cpp, line 230]
Event: 23.203 Thread 0x0000000000324000 Exception <a 'java/lang/ClassNotFoundException'{0x0000000089403018}: org/springframework/web/context/ServletContextAwareCustomizer> (0x0000000089403018) thrown at [./src/hotspot/share/classfile/systemDictionary.cpp, line 230]
Event: 23.203 Thread 0x0000000000324000 Exception <a 'java/lang/ClassNotFoundException'{0x0000000089415920}: org/springframework/beans/factory/AwareCustomizer> (0x0000000089415920) thrown at [./src/hotspot/share/classfile/systemDictionary.cpp, line 230]
Event: 23.398 Thread 0x0000000000324000 Exception <a 'java/lang/NoSuchMethodError'{0x0000000088a767e0}: 'void java.lang.invoke.DirectMethodHandle$Holder.invokeVirtual(java.lang.Object, java.lang.Object, int)'> (0x0000000088a767e0) thrown at [./src/hotspot/share/interpreter/linkResolver.cpp, line 773]
Event: 23.399 Thread 0x0000000000324000 Exception <a 'java/lang/NoSuchMethodError'{0x0000000088a90828}: 'void java.lang.invoke.DirectMethodHandle$Holder.invokeVirtual(java.lang.Object, java.lang.Object, long)'> (0x0000000088a90828) thrown at [./src/hotspot/share/interpreter/linkResolver.cpp, line 773]

Events (20 events):
Event: 23.465 loading class org/springframework/web/util/pattern/PathPattern done
Event: 23.467 loading class org/springframework/web/servlet/handler/AbstractHandlerMethodMapping
Event: 23.467 loading class org/springframework/web/servlet/handler/AbstractHandlerMethodMapping done
Event: 23.468 loading class org/springframework/web/util/pattern/InternalPathPatternParser
Event: 23.468 loading class org/springframework/web/util/pattern/InternalPathPatternParser done
Event: 23.468 loading class org/springframework/http/server/DefaultPathContainer
Event: 23.468 loading class org/springframework/http/server/DefaultPathContainer done
Event: 23.469 loading class org/springframework/http/server/DefaultPathContainer$DefaultSeparator
Event: 23.469 loading class org/springframework/http/server/DefaultPathContainer$DefaultSeparator done
Event: 23.469 loading class org/springframework/http/server/PathContainer$Separator
Event: 23.469 loading class org/springframework/http/server/PathContainer$Separator done
Event: 23.469 loading class org/springframework/http/server/PathContainer$Element
Event: 23.469 loading class org/springframework/http/server/PathContainer$Element done
Event: 23.470 loading class org/springframework/web/util/pattern/PathPattern
Event: 23.470 loading class org/springframework/web/util/pattern/PathPattern done
Event: 23.470 loading class org/springframework/web/util/pattern/PathPattern
Event: 23.470 loading class org/springframework/web/util/pattern/PathPattern done
Event: 23.470 loading class org/springframework/web/util/pattern/PathPattern
Event: 23.470 loading class org/springframework/web/util/pattern/PathPattern done
Event: 23.470 Executing VM operation: CollectForMetadataAllocation


Dynamic libraries:
0x000000013f3f0000 - 0x000000013f3fd000 	H:\java\jdk-11-Amazon\Amazon Corretto\jdk11.0.15_9\bin\java.exe
0x0000000077110000 - 0x00000000772b9000 	C:\Windows\SYSTEM32\ntdll.dll
0x0000000076ef0000 - 0x0000000077010000 	C:\Windows\system32\kernel32.dll
0x000007fefcf90000 - 0x000007fefcffc000 	C:\Windows\system32\KERNELBASE.dll
0x000007feddbd0000 - 0x000007feddbe7000 	H:\java\jdk-11-Amazon\Amazon Corretto\jdk11.0.15_9\bin\jli.dll
0x000007fefb0b0000 - 0x000007fefb2a4000 	C:\Windows\WinSxS\amd64_microsoft.windows.common-controls_6595b64144ccf1df_6.0.7601.18837_none_fa3b1e3d17594757\COMCTL32.dll
0x000007fefedc0000 - 0x000007fefee5f000 	C:\Windows\system32\msvcrt.dll
0x000007fefead0000 - 0x000007fefeb37000 	C:\Windows\system32\GDI32.dll
0x0000000077010000 - 0x000000007710a000 	C:\Windows\system32\USER32.dll
0x000007fefe270000 - 0x000007fefe27e000 	C:\Windows\system32\LPK.dll
0x000007fefeb60000 - 0x000007fefec2a000 	C:\Windows\system32\USP10.dll
0x000007fefe760000 - 0x000007fefe7d1000 	C:\Windows\system32\SHLWAPI.dll
0x000007feddbb0000 - 0x000007feddbc9000 	H:\java\jdk-11-Amazon\Amazon Corretto\jdk11.0.15_9\bin\VCRUNTIME140.dll
0x000007feddba0000 - 0x000007feddba4000 	H:\java\jdk-11-Amazon\Amazon Corretto\jdk11.0.15_9\bin\api-ms-win-crt-runtime-l1-1-0.dll
0x000007feddaa0000 - 0x000007feddb9c000 	H:\java\jdk-11-Amazon\Amazon Corretto\jdk11.0.15_9\bin\ucrtbase.DLL
0x000007fedda90000 - 0x000007fedda93000 	H:\java\jdk-11-Amazon\Amazon Corretto\jdk11.0.15_9\bin\api-ms-win-core-localization-l1-2-0.dll
0x000007fedda80000 - 0x000007fedda83000 	H:\java\jdk-11-Amazon\Amazon Corretto\jdk11.0.15_9\bin\api-ms-win-core-processthreads-l1-1-1.dll
0x000007fedda70000 - 0x000007fedda73000 	H:\java\jdk-11-Amazon\Amazon Corretto\jdk11.0.15_9\bin\api-ms-win-core-file-l1-2-0.dll
0x000007fedda60000 - 0x000007fedda63000 	H:\java\jdk-11-Amazon\Amazon Corretto\jdk11.0.15_9\bin\api-ms-win-core-timezone-l1-1-0.dll
0x000007fedda50000 - 0x000007fedda53000 	H:\java\jdk-11-Amazon\Amazon Corretto\jdk11.0.15_9\bin\api-ms-win-core-file-l2-1-0.dll
0x000007fedda40000 - 0x000007fedda43000 	H:\java\jdk-11-Amazon\Amazon Corretto\jdk11.0.15_9\bin\api-ms-win-core-synch-l1-2-0.dll
0x000007fedda30000 - 0x000007fedda33000 	H:\java\jdk-11-Amazon\Amazon Corretto\jdk11.0.15_9\bin\api-ms-win-crt-heap-l1-1-0.dll
0x000007fedda20000 - 0x000007fedda24000 	H:\java\jdk-11-Amazon\Amazon Corretto\jdk11.0.15_9\bin\api-ms-win-crt-string-l1-1-0.dll
0x000007fedda10000 - 0x000007fedda14000 	H:\java\jdk-11-Amazon\Amazon Corretto\jdk11.0.15_9\bin\api-ms-win-crt-stdio-l1-1-0.dll
0x000007fedda00000 - 0x000007fedda04000 	H:\java\jdk-11-Amazon\Amazon Corretto\jdk11.0.15_9\bin\api-ms-win-crt-convert-l1-1-0.dll
0x000007fedd9f0000 - 0x000007fedd9f3000 	H:\java\jdk-11-Amazon\Amazon Corretto\jdk11.0.15_9\bin\api-ms-win-crt-environment-l1-1-0.dll
0x000007fedd9e0000 - 0x000007fedd9e3000 	H:\java\jdk-11-Amazon\Amazon Corretto\jdk11.0.15_9\bin\api-ms-win-crt-filesystem-l1-1-0.dll
0x000007fedd9d0000 - 0x000007fedd9d5000 	H:\java\jdk-11-Amazon\Amazon Corretto\jdk11.0.15_9\bin\api-ms-win-crt-math-l1-1-0.dll
0x000007fedd9c0000 - 0x000007fedd9c3000 	H:\java\jdk-11-Amazon\Amazon Corretto\jdk11.0.15_9\bin\api-ms-win-crt-locale-l1-1-0.dll
0x000007fefef40000 - 0x000007fefef6e000 	C:\Windows\system32\IMM32.DLL
0x000007fefe650000 - 0x000007fefe759000 	C:\Windows\system32\MSCTF.dll
0x000007fedd920000 - 0x000007fedd9bb000 	H:\java\jdk-11-Amazon\Amazon Corretto\jdk11.0.15_9\bin\msvcp140.dll
0x000007fedd910000 - 0x000007fedd913000 	H:\java\jdk-11-Amazon\Amazon Corretto\jdk11.0.15_9\bin\api-ms-win-crt-time-l1-1-0.dll
0x000007fedd900000 - 0x000007fedd903000 	H:\java\jdk-11-Amazon\Amazon Corretto\jdk11.0.15_9\bin\api-ms-win-crt-utility-l1-1-0.dll
0x000007fed9980000 - 0x000007feda503000 	H:\java\jdk-11-Amazon\Amazon Corretto\jdk11.0.15_9\bin\server\jvm.dll
0x000007fefe570000 - 0x000007fefe64b000 	C:\Windows\system32\ADVAPI32.dll
0x000007fefe280000 - 0x000007fefe29f000 	C:\Windows\SYSTEM32\sechost.dll
0x000007fefe440000 - 0x000007fefe56d000 	C:\Windows\system32\RPCRT4.dll
0x000007fef8ab0000 - 0x000007fef8ab9000 	C:\Windows\system32\WSOCK32.dll
0x000007fefe2a0000 - 0x000007fefe2ed000 	C:\Windows\system32\WS2_32.dll
0x000007fefe390000 - 0x000007fefe398000 	C:\Windows\system32\NSI.dll
0x000007fefa9c0000 - 0x000007fefa9fb000 	C:\Windows\system32\WINMM.dll
0x000007fefbf50000 - 0x000007fefbf5c000 	C:\Windows\system32\VERSION.dll
0x00000000772d0000 - 0x00000000772d7000 	C:\Windows\system32\PSAPI.DLL
0x000007fedd8f0000 - 0x000007fedd900000 	H:\java\jdk-11-Amazon\Amazon Corretto\jdk11.0.15_9\bin\verify.dll
0x000007fef93a0000 - 0x000007fef94c5000 	C:\Windows\system32\DBGHELP.DLL
0x000007fedd8c0000 - 0x000007fedd8e8000 	H:\java\jdk-11-Amazon\Amazon Corretto\jdk11.0.15_9\bin\java.dll
0x000007fedd8b0000 - 0x000007fedd8ba000 	H:\java\jdk-11-Amazon\Amazon Corretto\jdk11.0.15_9\bin\jimage.dll
0x000007feef7e0000 - 0x000007feef7ee000 	H:\java\jdk-11-Amazon\Amazon Corretto\jdk11.0.15_9\bin\instrument.dll
0x000007fedd890000 - 0x000007fedd8a8000 	H:\java\jdk-11-Amazon\Amazon Corretto\jdk11.0.15_9\bin\zip.dll
0x000007fefd4e0000 - 0x000007fefe269000 	C:\Windows\system32\SHELL32.dll
0x000007fefe8c0000 - 0x000007fefeac3000 	C:\Windows\system32\ole32.dll
0x000007fefcec0000 - 0x000007fefcecf000 	C:\Windows\system32\profapi.dll
0x000007fedd870000 - 0x000007fedd889000 	H:\java\jdk-11-Amazon\Amazon Corretto\jdk11.0.15_9\bin\net.dll
0x000007fef9190000 - 0x000007fef9201000 	C:\Windows\system32\WINHTTP.dll
0x000007fef9120000 - 0x000007fef9184000 	C:\Windows\system32\webio.dll
0x000007fefc650000 - 0x000007fefc6a5000 	C:\Windows\system32\mswsock.dll
0x000007fefc640000 - 0x000007fefc647000 	C:\Windows\System32\wship6.dll
0x000007fedd850000 - 0x000007fedd863000 	H:\java\jdk-11-Amazon\Amazon Corretto\jdk11.0.15_9\bin\nio.dll
0x000007fedd7e0000 - 0x000007fedd7fa000 	H:\java\IntelliJ IDEA 2022.2.3\bin\breakgen64.dll
0x000007fefc020000 - 0x000007fefc027000 	C:\Windows\System32\wshtcpip.dll
0x000007fef8a80000 - 0x000007fef8aaf000 	C:\Program Files\Common Files\Microsoft Shared\Windows Live\WLIDNSP.DLL
0x000007fefc4d0000 - 0x000007fefc52b000 	C:\Windows\system32\DNSAPI.dll
0x000007fefaff0000 - 0x000007fefb017000 	C:\Windows\system32\IPHLPAPI.DLL
0x000007fefafe0000 - 0x000007fefafeb000 	C:\Windows\system32\WINNSI.DLL
0x000007fef8a70000 - 0x000007fef8a78000 	C:\Windows\system32\rasadhlp.dll
0x000007fefaf40000 - 0x000007fefaf93000 	C:\Windows\System32\fwpuclnt.dll
0x000007feef7d0000 - 0x000007feef7d9000 	H:\java\jdk-11-Amazon\Amazon Corretto\jdk11.0.15_9\bin\management.dll
0x000007feef7c0000 - 0x000007feef7cb000 	H:\java\jdk-11-Amazon\Amazon Corretto\jdk11.0.15_9\bin\management_ext.dll
0x000007fefc6b0000 - 0x000007fefc6c8000 	C:\Windows\system32\CRYPTSP.dll
0x000007fefc3b0000 - 0x000007fefc3f7000 	C:\Windows\system32\rsaenh.dll
0x000007fefced0000 - 0x000007fefceee000 	C:\Windows\system32\USERENV.dll
0x000007fefcd50000 - 0x000007fefcd5f000 	C:\Windows\system32\CRYPTBASE.dll
0x000007fefae10000 - 0x000007fefae21000 	C:\Windows\system32\dhcpcsvc6.DLL
0x000007fefadf0000 - 0x000007fefae08000 	C:\Windows\system32\dhcpcsvc.DLL
0x000007fefb4c0000 - 0x000007fefb4d5000 	C:\Windows\system32\NLAapi.dll
0x000007fef7800000 - 0x000007fef7815000 	C:\Windows\system32\napinsp.dll
0x000007fef74b0000 - 0x000007fef74c9000 	C:\Windows\system32\pnrpnsp.dll
0x000007fef7330000 - 0x000007fef733b000 	C:\Windows\System32\winrnr.dll
0x000007fef7310000 - 0x000007fef7320000 	C:\Windows\system32\wshbth.dll
0x000007feef7a0000 - 0x000007feef7ae000 	H:\java\jdk-11-Amazon\Amazon Corretto\jdk11.0.15_9\bin\sunmscapi.dll
0x000007fefd000000 - 0x000007fefd16d000 	C:\Windows\system32\CRYPT32.dll
0x000007fefceb0000 - 0x000007fefcebf000 	C:\Windows\system32\MSASN1.dll
0x000007fefc830000 - 0x000007fefc880000 	C:\Windows\system32\ncrypt.dll
0x000007fefc800000 - 0x000007fefc822000 	C:\Windows\system32\bcrypt.dll
0x000007fedd740000 - 0x000007fedd765000 	H:\java\jdk-11-Amazon\Amazon Corretto\jdk11.0.15_9\bin\sunec.dll

dbghelp: loaded successfully - version: 4.0.5 - missing functions: none
symbol engine: initialized successfully - sym options: 0x614 - pdb path: .;H:\java\jdk-11-Amazon\Amazon Corretto\jdk11.0.15_9\bin;C:\Windows\SYSTEM32;C:\Windows\WinSxS\amd64_microsoft.windows.common-controls_6595b64144ccf1df_6.0.7601.18837_none_fa3b1e3d17594757;H:\java\jdk-11-Amazon\Amazon Corretto\jdk11.0.15_9\bin\server;H:\java\IntelliJ IDEA 2022.2.3\bin;C:\Program Files\Common Files\Microsoft Shared\Windows Live

VM Arguments:
jvm_args: -XX:TieredStopAtLevel=1 -Xverify:none -Dspring.profiles.active=test -Dspring.output.ansi.enabled=always -Dcom.sun.management.jmxremote -Dspring.jmx.enabled=true -Dspring.liveBeansView.mbeanDomain -Dspring.application.admin.enabled=true -Dmanagement.endpoints.jmx.exposure.include=* -javaagent:H:\java\IntelliJ IDEA 2022.2.3\lib\idea_rt.jar=52625:H:\java\IntelliJ IDEA 2022.2.3\bin -Dfile.encoding=UTF-8 
java_command: ru.practicum.shareit.ShareItApp
java_class_path (initial): H:\java\progi\yandex\java-shareit\server\target\classes;C:\Users\Михалыч\.m2\repository\org\springframework\boot\spring-boot-starter-data-jpa\2.7.2\spring-boot-starter-data-jpa-2.7.2.jar;C:\Users\Михалыч\.m2\repository\org\springframework\boot\spring-boot-starter-aop\2.7.2\spring-boot-starter-aop-2.7.2.jar;C:\Users\Михалыч\.m2\repository\org\springframework\spring-aop\5.3.22\spring-aop-5.3.22.jar;C:\Users\Михалыч\.m2\repository\org\aspectj\aspectjweaver\1.9.7\aspectjweaver-1.9.7.jar;C:\Users\Михалыч\.m2\repository\org\springframework\boot\spring-boot-starter-jdbc\2.7.2\spring-boot-starter-jdbc-2.7.2.jar;C:\Users\Михалыч\.m2\repository\com\zaxxer\HikariCP\4.0.3\HikariCP-4.0.3.jar;C:\Users\Михалыч\.m2\repository\org\springframework\spring-jdbc\5.3.22\spring-jdbc-5.3.22.jar;C:\Users\Михалыч\.m2\repository\jakarta\transaction\jakarta.transaction-api\1.3.3\jakarta.transaction-api-1.3.3.jar;C:\Users\Михалыч\.m2\repository\jakarta\persistence\jakarta.persistence-api\2.2.3\jakarta.persistence-api-2.2.3.jar;C:\Users\Михалыч\.m2\repository\org\hibernate\hibernate-core\5.6.10.Final\hibernate-core-5.6.10.Final.jar;C:\Users\Михалыч\.m2\repository\org\jboss\logging\jboss-logging\3.4.3.Final\jboss-logging-3.4.3.Final.jar;C:\Users\Михалыч\.m2\repository\net\bytebuddy\byte-buddy\1.12.12\byte-buddy-1.12.12.jar;C:\Users\Михалыч\.m2\repository\antlr\antlr\2.7.7\antlr-2.7.7.jar;C:\Users\Михалыч\.m2\repository\org\jboss\jandex\2.4.2.Final\jandex-2.4.2.Final.jar;C:\Users\Михалыч\.m2\repository\com\fasterxml\classmate\1.5.1\classmate-1.5.1.jar;C:\Users\Михалыч\.m2\repository\org\hibernate\common\hibernate-commons-annotations\5.1.2.Final\hibernate-commons-annotations-5.1.2.Final.jar;C:\Users\Михалыч\.m2\repository\org\glassfish\jaxb\jaxb-runtime\2.3.6\jaxb-runtime-2.3.6.jar;C:\Users\Михалыч\.m2\repository\org\glassfish\jaxb\txw2\2.3.6\txw2-2.3.6.jar;C:\Users\Михалыч\.m2\repository\com\sun\istack\istack-commons-runtime\3.0.12\istack-commons-runtime-3.0.12.jar;C:\
Launcher Type: SUN_STANDARD

[Global flags]
     bool BytecodeVerificationLocal                = false                                     {product} {command line}
     bool BytecodeVerificationRemote               = false                                     {product} {command line}
     intx CICompilerCount                          = 3                                         {product} {ergonomic}
     uint ConcGCThreads                            = 1                                         {product} {ergonomic}
     uint G1ConcRefinementThreads                  = 4                                         {product} {ergonomic}
   size_t G1HeapRegionSize                         = 1048576                                   {product} {ergonomic}
    uintx GCDrainStackTargetSize                   = 64                                        {product} {ergonomic}
   size_t InitialHeapSize                          = 132120576                                 {product} {ergonomic}
     bool ManagementServer                         = true                                      {product} {command line}
   size_t MarkStackSize                            = 4194304                                   {product} {ergonomic}
   size_t MaxHeapSize                              = 2113929216                                {product} {ergonomic}
   size_t MaxNewSize                               = 1267728384                                {product} {ergonomic}
   size_t MinHeapDeltaBytes                        = 1048576                                   {product} {ergonomic}
    uintx NonNMethodCodeHeapSize                   = 6973028                                {pd product} {ergonomic}
    uintx NonProfiledCodeHeapSize                  = 244685212                              {pd product} {ergonomic}
    uintx ProfiledCodeHeapSize                     = 0                                      {pd product} {ergonomic}
    uintx ReservedCodeCacheSize                    = 251658240                              {pd product} {ergonomic}
     bool SegmentedCodeCache                       = true                                      {product} {ergonomic}
     intx TieredStopAtLevel                        = 1                                         {product} {command line}
     bool UseCompressedClassPointers               = true                                 {lp64_product} {ergonomic}
     bool UseCompressedOops                        = true                                 {lp64_product} {ergonomic}
     bool UseG1GC                                  = true                                      {product} {ergonomic}
     bool UseLargePagesIndividualAllocation        = false                                  {pd product} {ergonomic}

Logging:
Log output configuration:
 #0: stdout all=warning uptime,level,tags
 #1: stderr all=off uptime,level,tags

Environment Variables:
JAVA_HOME=H:\java\jdk-11-Amazon\Amazon Corretto\jdk11.0.15_9
PATH=H:\java\jdk-11-Amazon\Amazon Corretto\jdk11.0.15_9\bin;C:\Program Files\Common Files\Oracle\Java\javapath;C:\ProgramData\Oracle\Java\javapath;C:\Program Files (x86)\Borland\Delphi7\Bin;C:\Program Files (x86)\Borland\Delphi7\Projects\Bpl\;C:\Program Files\Common Files\Microsoft Shared\Windows Live;C:\Program Files (x86)\Common Files\Microsoft Shared\Windows Live;C:\Program Files (x86)\Intel\iCLS Client\;C:\Program Files\Intel\iCLS Client\;C:\Windows\system32;C:\Windows;C:\Windows\System32\Wbem;C:\Windows\System32\WindowsPowerShell\v1.0\;C:\Program Files\Intel\Intel(R) Management Engine Components\DAL;C:\Program Files\Intel\Intel(R) Management Engine Components\IPT;C:\Program Files (x86)\Intel\Intel(R) Management Engine Components\DAL;C:\Program Files (x86)\Intel\Intel(R) Management Engine Components\IPT;C:\Program Files (x86)\Windows Live\Shared;C:\Program Files (x86)\Skype\Phone\;H:\java\jdk-11-Amazon\Amazon Corretto\jdk11.0.15_9\bin;C:\Program Files\nodejs\;H:\Git\cmd;C:\Users\Михалыч\AppData\Roaming\npm
USERNAME=Михалыч
OS=Windows_NT
PROCESSOR_IDENTIFIER=Intel64 Family 6 Model 60 Stepping 3, GenuineIntel



---------------  S Y S T E M  ---------------

OS: Windows 7 , 64 bit Build 7601 (6.1.7601.19045)
OS uptime: 5 days 13:28 hours

CPU:total 4 (initial active 4) (4 cores per cpu, 1 threads per core) family 6 model 60 stepping 3 microcode 0x0, cmov, cx8, fxsr, mmx, sse, sse2, sse3, ssse3, sse4.1, sse4.2, popcnt, avx, avx2, aes, clmul, erms, lzcnt, tsc, tscinvbit, bmi1, bmi2, fma

Memory: 4k page, system-wide physical 8063M (520M free)
TotalPageFile size 16892M (AvailPageFile size 1M)
current process WorkingSet (physical memory assigned to process): 225M, peak: 225M
current process commit charge ("private bytes"): 290M, peak: 291M

vm_info: OpenJDK 64-Bit Server VM (11.0.15+9-LTS) for windows-amd64 JRE (11.0.15+9-LTS), built on Apr 15 2022 22:20:31 by "Administrator" with unknown MS VC++:1916

END.
