#
# A fatal error has been detected by the Java Runtime Environment:
#
#  EXCEPTION_ACCESS_VIOLATION (0xc0000005) at pc=0x000007fedd39e640, pid=8928, tid=10204
#
# JRE version: OpenJDK Runtime Environment Corretto-11.0.15.9.1 (11.0.15+9) (build 11.0.15+9-LTS)
# Java VM: OpenJDK 64-Bit Server VM Corretto-11.0.15.9.1 (11.0.15+9-LTS, mixed mode, tiered, compressed oops, g1 gc, windows-amd64)
# Problematic frame:
# V  [jvm.dll+0x35e640]
#
# No core dump will be written. Minidumps are not enabled by default on client versions of Windows
#
# If you would like to submit a bug report, please visit:
#   https://github.com/corretto/corretto-11/issues/
#

---------------  S U M M A R Y ------------

Command Line: -ea -Dspring.profiles.active=test -Didea.test.cyclic.buffer.size=1048576 -javaagent:H:\java\IntelliJ IDEA 2022.2.3\lib\idea_rt.jar=53469:H:\java\IntelliJ IDEA 2022.2.3\bin -Dfile.encoding=UTF-8 com.intellij.rt.junit.JUnitStarter -ideVersion5 -junit5 ru.practicum.shareit.user.controller.UserControllerTest,userById

Host: Intel(R) Core(TM) i5-4460  CPU @ 3.20GHz, 4 cores, 7G,  Windows 7 , 64 bit Build 7601 (6.1.7601.19045)
Time: Wed Feb 22 18:25:33 2023 RTZ 3 (зима) elapsed time: 3.706609 seconds (0d 0h 0m 3s)

---------------  T H R E A D  ---------------

Current thread (0x00000000623c7800):  JavaThread "C2 CompilerThread0" daemon [_thread_in_native, id=10204, stack(0x0000000062f50000,0x0000000063050000)]


Current CompileTask:
C2:   3706 2555   !   4       jdk.internal.loader.BuiltinClassLoader::loadClassOrNull (143 bytes)

Stack: [0x0000000062f50000,0x0000000063050000],  sp=0x000000006304bbf0,  free space=1006k
Native frames: (J=compiled Java code, j=interpreted, Vv=VM code, C=native code)
V  [jvm.dll+0x35e640]
V  [jvm.dll+0x3580b0]
V  [jvm.dll+0x19e7c6]
V  [jvm.dll+0x208eb2]
V  [jvm.dll+0x207f8d]
V  [jvm.dll+0x18a371]
V  [jvm.dll+0x2176e4]
V  [jvm.dll+0x21592b]
V  [jvm.dll+0x76e250]
V  [jvm.dll+0x7671b4]
V  [jvm.dll+0x61d616]
C  [ucrtbase.DLL+0x203ba]
C  [kernel32.dll+0x15a4d]
C  [ntdll.dll+0x2b831]


siginfo: EXCEPTION_ACCESS_VIOLATION (0xc0000005), reading address 0x0000077eddaedac0


Register to memory mapping:

RIP=0x000007fedd39e640 jvm.dll
RAX=0x0 is NULL
RBX=0x000000000000001e is an unknown value
RCX=0x0 is NULL
RDX=0x0000000000940000 is an unknown value
RSP=0x000000006304bbf0 is pointing into the stack for thread: 0x00000000623c7800
RBP=0x0000000000000008 is an unknown value
RSI=0x000007feddaedac0 jvm.dll
RDI=0x0000000062353600 points into unknown readable memory: 0x00000000623b6bf0 | f0 6b 3b 62 00 00 00 00
R8 =0x0000077eddaedac0 is an unknown value
R9 =0x000000006304bc40 is pointing into the stack for thread: 0x00000000623c7800
R10=0x000000000000001e is an unknown value
R11=0x000000006304bb50 is pointing into the stack for thread: 0x00000000623c7800
R12=0x000007fedd040000 jvm.dll
R13=0x0000000063e01460 points into unknown readable memory: 0x00000000697f0040 | 40 00 7f 69 00 00 00 00
R14=0x000000000000001b is an unknown value
R15=0x000007feddaedac0 jvm.dll


Registers:
RAX=0x0000000000000000, RBX=0x000000000000001e, RCX=0x0000000000000000, RDX=0x0000000000940000
RSP=0x000000006304bbf0, RBP=0x0000000000000008, RSI=0x000007feddaedac0, RDI=0x0000000062353600
R8 =0x0000077eddaedac0, R9 =0x000000006304bc40, R10=0x000000000000001e, R11=0x000000006304bb50
R12=0x000007fedd040000, R13=0x0000000063e01460, R14=0x000000000000001b, R15=0x000007feddaedac0
RIP=0x000007fedd39e640, EFLAGS=0x0000000000010246

Top of Stack: (sp=0x000000006304bbf0)
0x000000006304bbf0:   0000000063040000 0000000000000000
0x000000006304bc00:   00000000000005a0 00000000623a9400
0x000000006304bc10:   0000000000001dfb 000007fedd3980b0
0x000000006304bc20:   000000006991bbf0 000000006304bd70
0x000000006304bc30:   0000000000001dfb 000007fedd903b10
0x000000006304bc40:   00001dfe00000000 0000000000000008
0x000000006304bc50:   0000077eddaedac0 000000000000001e
0x000000006304bc60:   0000000062427d70 000000000000002c
0x000000006304bc70:   000000006991bd30 0000000000000000
0x000000006304bc80:   0000000063e01470 0000000000000000
0x000000006304bc90:   000000006304bda0 000007fedd1de7c6
0x000000006304bca0:   000000006304c120 000000006304c208
0x000000006304bcb0:   0000000063e01848 00000000000003d8
0x000000006304bcc0:   000007fedd8bdc00 000007fefd7710dc
0x000000006304bcd0:   000007fe00000006 0000000063e01460
0x000000006304bce0:   0000000068639460 000000006863da90 

Instructions: (pc=0x000007fedd39e640)
0x000007fedd39e540:   58 4c 8b 64 24 50 48 8b c3 48 83 c4 20 41 5f 5f
0x000007fedd39e550:   5e 5d 5b c3 cc cc cc cc cc cc cc cc cc cc cc cc
0x000007fedd39e560:   8b 02 45 33 c0 44 89 01 c7 41 08 08 00 00 00 85
0x000007fedd39e570:   c0 75 12 c7 41 18 01 00 00 00 48 8b c1 c7 41 28
0x000007fedd39e580:   01 00 00 00 c3 44 89 41 04 44 89 41 18 8b 82 90
0x000007fedd39e590:   00 00 00 89 41 28 4c 89 41 10 48 8b 42 08 48 89
0x000007fedd39e5a0:   41 20 48 8b c1 48 89 51 30 c3 cc cc cc cc cc cc
0x000007fedd39e5b0:   48 83 ec 28 4c 8b c9 8b 49 08 83 f9 08 73 1c 4d
0x000007fedd39e5c0:   8b 51 10 44 8b c1 8d 51 01 43 83 3c 82 00 0f 85
0x000007fedd39e5d0:   0d 01 00 00 8b ca 83 fa 08 72 e8 45 8b 51 18 41
0x000007fedd39e5e0:   8b 41 28 48 89 5c 24 30 48 89 6c 24 38 48 89 74
0x000007fedd39e5f0:   24 40 48 89 7c 24 20 44 3b d0 0f 83 ba 00 00 00
0x000007fedd39e600:   8b 0d 46 b3 78 00 48 8d 35 b3 f4 74 00 65 48 8b
0x000007fedd39e610:   04 25 58 00 00 00 bd 08 00 00 00 48 8d 3c c8 90
0x000007fedd39e620:   49 8b 41 20 41 8b da 4c 8b 04 d8 4c 3b c6 74 7a
0x000007fedd39e630:   33 c0 4d 89 41 10 33 c9 0f 1f 84 00 00 00 00 00
0x000007fedd39e640:   42 83 3c 01 00 8d 50 01 0f 85 be 00 00 00 48 83
0x000007fedd39e650:   c1 04 8b c2 83 fa 08 72 e7 4d 8b 59 30 4d 85 db
0x000007fedd39e660:   74 48 49 8b 43 08 8b d5 48 03 17 4c 8b 04 d8 48
0x000007fedd39e670:   8b 02 48 8b 88 e8 04 00 00 48 8b 81 80 00 00 00
0x000007fedd39e680:   48 8b 88 b8 08 00 00 49 89 08 48 8b 02 48 8b 88
0x000007fedd39e690:   e8 04 00 00 48 8b 81 80 00 00 00 4c 89 80 b8 08
0x000007fedd39e6a0:   00 00 49 8b 43 08 48 89 34 d8 41 8b 41 28 41 ff
0x000007fedd39e6b0:   c2 44 3b d0 0f 82 66 ff ff ff 41 89 41 18 33 c0
0x000007fedd39e6c0:   41 c7 41 08 08 00 00 00 48 8b 74 24 40 48 8b 6c
0x000007fedd39e6d0:   24 38 48 8b 5c 24 30 48 8b 7c 24 20 48 83 c4 28
0x000007fedd39e6e0:   c3 41 8b 41 18 8d 0c c1 c1 e1 05 81 e9 00 01 00
0x000007fedd39e6f0:   00 41 89 49 04 49 8b c9 43 8b 04 82 41 89 01 41
0x000007fedd39e700:   89 51 08 48 83 c4 28 e9 e4 2f e4 ff 42 8d 0c d0
0x000007fedd39e710:   c1 e1 05 41 89 49 04 8b c8 41 8d 42 01 41 8b 0c
0x000007fedd39e720:   88 41 89 09 49 8b c9 41 89 41 18 41 89 51 08 e8
0x000007fedd39e730:   bc 2f e4 ff eb 92 cc cc cc cc cc cc cc cc cc cc 


Stack slot to memory mapping:
stack at sp + 0 slots: 0x0000000063040000 is pointing into the stack for thread: 0x00000000623c7800
stack at sp + 1 slots: 0x0 is NULL
stack at sp + 2 slots: 0x00000000000005a0 is an unknown value
stack at sp + 3 slots: 0x00000000623a9400 points into unknown readable memory: 0x00000000002dae70 | 70 ae 2d 00 00 00 00 00
stack at sp + 4 slots: 0x0000000000001dfb is an unknown value
stack at sp + 5 slots: 0x000007fedd3980b0 jvm.dll
stack at sp + 6 slots: 0x000000006991bbf0 points into unknown readable memory: 0x0000000000000024 | 24 00 00 00 00 00 00 00
stack at sp + 7 slots: 0x000000006304bd70 is pointing into the stack for thread: 0x00000000623c7800


---------------  P R O C E S S  ---------------

Threads class SMR info:
_java_thread_list=0x0000000068b28580, length=12, elements={
0x00000000002d9000, 0x000000006239d000, 0x00000000623a7800, 0x00000000623bc800,
0x00000000623bf800, 0x00000000623c1800, 0x00000000623c7800, 0x00000000623ca000,
0x00000000623d4800, 0x000000001f2e7000, 0x00000000635bf000, 0x00000000657ac800
}

Java Threads: ( => current thread )
  0x00000000002d9000 JavaThread "main" [_thread_in_Java, id=6156, stack(0x0000000002240000,0x0000000002340000)]
  0x000000006239d000 JavaThread "Reference Handler" daemon [_thread_blocked, id=5820, stack(0x00000000625c0000,0x00000000626c0000)]
  0x00000000623a7800 JavaThread "Finalizer" daemon [_thread_blocked, id=5716, stack(0x00000000627e0000,0x00000000628e0000)]
  0x00000000623bc800 JavaThread "Signal Dispatcher" daemon [_thread_blocked, id=2824, stack(0x00000000628e0000,0x00000000629e0000)]
  0x00000000623bf800 JavaThread "Attach Listener" daemon [_thread_blocked, id=9764, stack(0x0000000062aa0000,0x0000000062ba0000)]
  0x00000000623c1800 JavaThread "Service Thread" daemon [_thread_blocked, id=9700, stack(0x0000000062ce0000,0x0000000062de0000)]
=>0x00000000623c7800 JavaThread "C2 CompilerThread0" daemon [_thread_in_native, id=10204, stack(0x0000000062f50000,0x0000000063050000)]
  0x00000000623ca000 JavaThread "C1 CompilerThread0" daemon [_thread_blocked, id=3264, stack(0x00000000630a0000,0x00000000631a0000)]
  0x00000000623d4800 JavaThread "Sweeper thread" daemon [_thread_blocked, id=8480, stack(0x0000000063270000,0x0000000063370000)]
  0x000000001f2e7000 JavaThread "Common-Cleaner" daemon [_thread_blocked, id=9964, stack(0x0000000062e10000,0x0000000062f10000)]
  0x00000000635bf000 JavaThread "Monitor Ctrl-Break" daemon [_thread_in_native, id=7136, stack(0x0000000063ab0000,0x0000000063bb0000)]
  0x00000000657ac800 JavaThread "C2 CompilerThread1" daemon [_thread_in_native, id=9072, stack(0x0000000067140000,0x0000000067240000)]

Other Threads:
  0x0000000062359000 VMThread "VM Thread" [stack: 0x0000000062460000,0x0000000062560000] [id=7056]
  0x0000000063544800 WatcherThread [stack: 0x0000000063ce0000,0x0000000063de0000] [id=9672]
  0x00000000002f1800 GCTaskThread "GC Thread#0" [stack: 0x0000000019fc0000,0x000000001a0c0000] [id=2412]
  0x000000006429c800 GCTaskThread "GC Thread#1" [stack: 0x0000000065830000,0x0000000065930000] [id=10172]
  0x0000000064860000 GCTaskThread "GC Thread#2" [stack: 0x0000000065a30000,0x0000000065b30000] [id=9532]
  0x0000000066f08800 GCTaskThread "GC Thread#3" [stack: 0x0000000067e70000,0x0000000067f70000] [id=6520]
  0x0000000000321800 ConcurrentGCThread "G1 Main Marker" [stack: 0x000000001f110000,0x000000001f210000] [id=6096]
  0x0000000000322800 ConcurrentGCThread "G1 Conc#0" [stack: 0x000000001f310000,0x000000001f410000] [id=9028]
  0x000000001f26f800 ConcurrentGCThread "G1 Refine#0" [stack: 0x00000000217a0000,0x00000000218a0000] [id=4604]
  0x000000001f270800 ConcurrentGCThread "G1 Young RemSet Sampling" [stack: 0x0000000021960000,0x0000000021a60000] [id=9296]

Threads with active compile tasks:
C2 CompilerThread0     3772 2555   !   4       jdk.internal.loader.BuiltinClassLoader::loadClassOrNull (143 bytes)
C1 CompilerThread0     3774 3160       3       org.springframework.core.annotation.AnnotationAttributes::getRequiredAttribute (79 bytes)
C2 CompilerThread1     3774 2973       4       jdk.internal.module.SystemModuleFinders$SystemModuleReader::findImageLocation (42 bytes)

VM state:not at safepoint (normal execution)

VM Mutex/Monitor currently owned by a thread:  ([mutex/lock_event])
[0x00000000002d4650] CodeCache_lock - owner thread: 0x00000000623ca000
[0x00000000002d62f0] Compile_lock - owner thread: 0x00000000623ca000
[0x00000000002d64a0] MethodCompileQueue_lock - owner thread: 0x00000000623ca000

Heap address: 0x0000000082000000, size: 2016 MB, Compressed Oops mode: 32-bit
Narrow klass base: 0x0000000000000000, Narrow klass shift: 0
Compressed class space size: 1073741824 Address: 0x0000000021a60000

Heap:
 garbage-first heap   total 129024K, used 36406K [0x0000000082000000, 0x0000000100000000)
  region size 1024K, 29 young (29696K), 6 survivors (6144K)
 Metaspace       used 37938K, capacity 39054K, committed 39376K, reserved 1083392K
  class space    used 4847K, capacity 5281K, committed 5376K, reserved 1048576K
Heap Regions: E=young(eden), S=young(survivor), O=old, HS=humongous(starts), HC=humongous(continues), CS=collection set, F=free, A=archive, TAMS=top-at-mark-start (previous, next)
|   0|0x0000000082000000, 0x0000000082100000, 0x0000000082100000|100%|HS|  |TAMS 0x0000000082100000, 0x0000000082000000| Complete 
|   1|0x0000000082100000, 0x0000000082200000, 0x0000000082200000|100%| O|  |TAMS 0x0000000082200000, 0x0000000082100000| Untracked 
|   2|0x0000000082200000, 0x0000000082300000, 0x0000000082300000|100%| O|  |TAMS 0x0000000082300000, 0x0000000082200000| Untracked 
|   3|0x0000000082300000, 0x0000000082400000, 0x0000000082400000|100%| O|  |TAMS 0x0000000082400000, 0x0000000082300000| Untracked 
|   4|0x0000000082400000, 0x0000000082500000, 0x0000000082500000|100%| O|  |TAMS 0x0000000082500000, 0x0000000082400000| Untracked 
|   5|0x0000000082500000, 0x0000000082600000, 0x0000000082600000|100%| O|  |TAMS 0x0000000082600000, 0x0000000082500000| Untracked 
|   6|0x0000000082600000, 0x0000000082700000, 0x0000000082700000|100%| O|  |TAMS 0x0000000082700000, 0x0000000082600000| Untracked 
|   7|0x0000000082700000, 0x0000000082800000, 0x0000000082800000|100%| O|  |TAMS 0x0000000082800000, 0x0000000082700000| Untracked 
|   8|0x0000000082800000, 0x00000000828eb000, 0x0000000082900000| 91%| O|  |TAMS 0x00000000828eb000, 0x0000000082800000| Untracked 
|   9|0x0000000082900000, 0x0000000082900000, 0x0000000082a00000|  0%| F|  |TAMS 0x0000000082900000, 0x0000000082900000| Untracked 
|  10|0x0000000082a00000, 0x0000000082a00000, 0x0000000082b00000|  0%| F|  |TAMS 0x0000000082a00000, 0x0000000082a00000| Untracked 
|  11|0x0000000082b00000, 0x0000000082b00000, 0x0000000082c00000|  0%| F|  |TAMS 0x0000000082b00000, 0x0000000082b00000| Untracked 
|  12|0x0000000082c00000, 0x0000000082c00000, 0x0000000082d00000|  0%| F|  |TAMS 0x0000000082c00000, 0x0000000082c00000| Untracked 
|  13|0x0000000082d00000, 0x0000000082d00000, 0x0000000082e00000|  0%| F|  |TAMS 0x0000000082d00000, 0x0000000082d00000| Untracked 
|  14|0x0000000082e00000, 0x0000000082e00000, 0x0000000082f00000|  0%| F|  |TAMS 0x0000000082e00000, 0x0000000082e00000| Untracked 
|  15|0x0000000082f00000, 0x0000000082f00000, 0x0000000083000000|  0%| F|  |TAMS 0x0000000082f00000, 0x0000000082f00000| Untracked 
|  16|0x0000000083000000, 0x0000000083000000, 0x0000000083100000|  0%| F|  |TAMS 0x0000000083000000, 0x0000000083000000| Untracked 
|  17|0x0000000083100000, 0x0000000083100000, 0x0000000083200000|  0%| F|  |TAMS 0x0000000083100000, 0x0000000083100000| Untracked 
|  18|0x0000000083200000, 0x0000000083200000, 0x0000000083300000|  0%| F|  |TAMS 0x0000000083200000, 0x0000000083200000| Untracked 
|  19|0x0000000083300000, 0x0000000083300000, 0x0000000083400000|  0%| F|  |TAMS 0x0000000083300000, 0x0000000083300000| Untracked 
|  20|0x0000000083400000, 0x0000000083400000, 0x0000000083500000|  0%| F|  |TAMS 0x0000000083400000, 0x0000000083400000| Untracked 
|  21|0x0000000083500000, 0x0000000083500000, 0x0000000083600000|  0%| F|  |TAMS 0x0000000083500000, 0x0000000083500000| Untracked 
|  22|0x0000000083600000, 0x0000000083600000, 0x0000000083700000|  0%| F|  |TAMS 0x0000000083600000, 0x0000000083600000| Untracked 
|  23|0x0000000083700000, 0x0000000083700000, 0x0000000083800000|  0%| F|  |TAMS 0x0000000083700000, 0x0000000083700000| Untracked 
|  24|0x0000000083800000, 0x0000000083800000, 0x0000000083900000|  0%| F|  |TAMS 0x0000000083800000, 0x0000000083800000| Untracked 
|  25|0x0000000083900000, 0x0000000083900000, 0x0000000083a00000|  0%| F|  |TAMS 0x0000000083900000, 0x0000000083900000| Untracked 
|  26|0x0000000083a00000, 0x0000000083a00000, 0x0000000083b00000|  0%| F|  |TAMS 0x0000000083a00000, 0x0000000083a00000| Untracked 
|  27|0x0000000083b00000, 0x0000000083b00000, 0x0000000083c00000|  0%| F|  |TAMS 0x0000000083b00000, 0x0000000083b00000| Untracked 
|  28|0x0000000083c00000, 0x0000000083c00000, 0x0000000083d00000|  0%| F|  |TAMS 0x0000000083c00000, 0x0000000083c00000| Untracked 
|  29|0x0000000083d00000, 0x0000000083d00000, 0x0000000083e00000|  0%| F|  |TAMS 0x0000000083d00000, 0x0000000083d00000| Untracked 
|  30|0x0000000083e00000, 0x0000000083e00000, 0x0000000083f00000|  0%| F|  |TAMS 0x0000000083e00000, 0x0000000083e00000| Untracked 
|  31|0x0000000083f00000, 0x0000000083f00000, 0x0000000084000000|  0%| F|  |TAMS 0x0000000083f00000, 0x0000000083f00000| Untracked 
|  32|0x0000000084000000, 0x0000000084000000, 0x0000000084100000|  0%| F|  |TAMS 0x0000000084000000, 0x0000000084000000| Untracked 
|  33|0x0000000084100000, 0x0000000084100000, 0x0000000084200000|  0%| F|  |TAMS 0x0000000084100000, 0x0000000084100000| Untracked 
|  34|0x0000000084200000, 0x0000000084200000, 0x0000000084300000|  0%| F|  |TAMS 0x0000000084200000, 0x0000000084200000| Untracked 
|  35|0x0000000084300000, 0x0000000084300000, 0x0000000084400000|  0%| F|  |TAMS 0x0000000084300000, 0x0000000084300000| Untracked 
|  36|0x0000000084400000, 0x0000000084400000, 0x0000000084500000|  0%| F|  |TAMS 0x0000000084400000, 0x0000000084400000| Untracked 
|  37|0x0000000084500000, 0x0000000084500000, 0x0000000084600000|  0%| F|  |TAMS 0x0000000084500000, 0x0000000084500000| Untracked 
|  38|0x0000000084600000, 0x0000000084600000, 0x0000000084700000|  0%| F|  |TAMS 0x0000000084600000, 0x0000000084600000| Untracked 
|  39|0x0000000084700000, 0x0000000084700000, 0x0000000084800000|  0%| F|  |TAMS 0x0000000084700000, 0x0000000084700000| Untracked 
|  40|0x0000000084800000, 0x0000000084800000, 0x0000000084900000|  0%| F|  |TAMS 0x0000000084800000, 0x0000000084800000| Untracked 
|  41|0x0000000084900000, 0x0000000084900000, 0x0000000084a00000|  0%| F|  |TAMS 0x0000000084900000, 0x0000000084900000| Untracked 
|  42|0x0000000084a00000, 0x0000000084a00000, 0x0000000084b00000|  0%| F|  |TAMS 0x0000000084a00000, 0x0000000084a00000| Untracked 
|  43|0x0000000084b00000, 0x0000000084b00000, 0x0000000084c00000|  0%| F|  |TAMS 0x0000000084b00000, 0x0000000084b00000| Untracked 
|  44|0x0000000084c00000, 0x0000000084c00000, 0x0000000084d00000|  0%| F|  |TAMS 0x0000000084c00000, 0x0000000084c00000| Untracked 
|  45|0x0000000084d00000, 0x0000000084d00000, 0x0000000084e00000|  0%| F|  |TAMS 0x0000000084d00000, 0x0000000084d00000| Untracked 
|  46|0x0000000084e00000, 0x0000000084e00000, 0x0000000084f00000|  0%| F|  |TAMS 0x0000000084e00000, 0x0000000084e00000| Untracked 
|  47|0x0000000084f00000, 0x0000000084f00000, 0x0000000085000000|  0%| F|  |TAMS 0x0000000084f00000, 0x0000000084f00000| Untracked 
|  48|0x0000000085000000, 0x0000000085000000, 0x0000000085100000|  0%| F|  |TAMS 0x0000000085000000, 0x0000000085000000| Untracked 
|  49|0x0000000085100000, 0x0000000085100000, 0x0000000085200000|  0%| F|  |TAMS 0x0000000085100000, 0x0000000085100000| Untracked 
|  50|0x0000000085200000, 0x0000000085200000, 0x0000000085300000|  0%| F|  |TAMS 0x0000000085200000, 0x0000000085200000| Untracked 
|  51|0x0000000085300000, 0x0000000085300000, 0x0000000085400000|  0%| F|  |TAMS 0x0000000085300000, 0x0000000085300000| Untracked 
|  52|0x0000000085400000, 0x0000000085400000, 0x0000000085500000|  0%| F|  |TAMS 0x0000000085400000, 0x0000000085400000| Untracked 
|  53|0x0000000085500000, 0x0000000085500000, 0x0000000085600000|  0%| F|  |TAMS 0x0000000085500000, 0x0000000085500000| Untracked 
|  54|0x0000000085600000, 0x0000000085600000, 0x0000000085700000|  0%| F|  |TAMS 0x0000000085600000, 0x0000000085600000| Untracked 
|  55|0x0000000085700000, 0x0000000085700000, 0x0000000085800000|  0%| F|  |TAMS 0x0000000085700000, 0x0000000085700000| Untracked 
|  56|0x0000000085800000, 0x0000000085800000, 0x0000000085900000|  0%| F|  |TAMS 0x0000000085800000, 0x0000000085800000| Untracked 
|  57|0x0000000085900000, 0x0000000085900000, 0x0000000085a00000|  0%| F|  |TAMS 0x0000000085900000, 0x0000000085900000| Untracked 
|  58|0x0000000085a00000, 0x0000000085a00000, 0x0000000085b00000|  0%| F|  |TAMS 0x0000000085a00000, 0x0000000085a00000| Untracked 
|  59|0x0000000085b00000, 0x0000000085ba2a80, 0x0000000085c00000| 63%| S|CS|TAMS 0x0000000085b00000, 0x0000000085b00000| Complete 
|  60|0x0000000085c00000, 0x0000000085d00000, 0x0000000085d00000|100%| S|CS|TAMS 0x0000000085c00000, 0x0000000085c00000| Complete 
|  61|0x0000000085d00000, 0x0000000085e00000, 0x0000000085e00000|100%| S|CS|TAMS 0x0000000085d00000, 0x0000000085d00000| Complete 
|  62|0x0000000085e00000, 0x0000000085f00000, 0x0000000085f00000|100%| S|CS|TAMS 0x0000000085e00000, 0x0000000085e00000| Complete 
|  63|0x0000000085f00000, 0x0000000086000000, 0x0000000086000000|100%| S|CS|TAMS 0x0000000085f00000, 0x0000000085f00000| Complete 
|  64|0x0000000086000000, 0x0000000086100000, 0x0000000086100000|100%| S|CS|TAMS 0x0000000086000000, 0x0000000086000000| Complete 
|  65|0x0000000086100000, 0x0000000086100000, 0x0000000086200000|  0%| F|  |TAMS 0x0000000086100000, 0x0000000086100000| Untracked 
|  66|0x0000000086200000, 0x0000000086200000, 0x0000000086300000|  0%| F|  |TAMS 0x0000000086200000, 0x0000000086200000| Untracked 
|  67|0x0000000086300000, 0x0000000086300000, 0x0000000086400000|  0%| F|  |TAMS 0x0000000086300000, 0x0000000086300000| Untracked 
|  68|0x0000000086400000, 0x0000000086400000, 0x0000000086500000|  0%| F|  |TAMS 0x0000000086400000, 0x0000000086400000| Untracked 
|  69|0x0000000086500000, 0x0000000086500000, 0x0000000086600000|  0%| F|  |TAMS 0x0000000086500000, 0x0000000086500000| Untracked 
|  70|0x0000000086600000, 0x0000000086600000, 0x0000000086700000|  0%| F|  |TAMS 0x0000000086600000, 0x0000000086600000| Untracked 
|  71|0x0000000086700000, 0x0000000086700000, 0x0000000086800000|  0%| F|  |TAMS 0x0000000086700000, 0x0000000086700000| Untracked 
|  72|0x0000000086800000, 0x0000000086800000, 0x0000000086900000|  0%| F|  |TAMS 0x0000000086800000, 0x0000000086800000| Untracked 
|  73|0x0000000086900000, 0x0000000086900000, 0x0000000086a00000|  0%| F|  |TAMS 0x0000000086900000, 0x0000000086900000| Untracked 
|  74|0x0000000086a00000, 0x0000000086a00000, 0x0000000086b00000|  0%| F|  |TAMS 0x0000000086a00000, 0x0000000086a00000| Untracked 
|  75|0x0000000086b00000, 0x0000000086b00000, 0x0000000086c00000|  0%| F|  |TAMS 0x0000000086b00000, 0x0000000086b00000| Untracked 
|  76|0x0000000086c00000, 0x0000000086c00000, 0x0000000086d00000|  0%| F|  |TAMS 0x0000000086c00000, 0x0000000086c00000| Untracked 
|  77|0x0000000086d00000, 0x0000000086d00000, 0x0000000086e00000|  0%| F|  |TAMS 0x0000000086d00000, 0x0000000086d00000| Untracked 
|  78|0x0000000086e00000, 0x0000000086e00000, 0x0000000086f00000|  0%| F|  |TAMS 0x0000000086e00000, 0x0000000086e00000| Untracked 
|  79|0x0000000086f00000, 0x0000000086f00000, 0x0000000087000000|  0%| F|  |TAMS 0x0000000086f00000, 0x0000000086f00000| Untracked 
|  80|0x0000000087000000, 0x0000000087000000, 0x0000000087100000|  0%| F|  |TAMS 0x0000000087000000, 0x0000000087000000| Untracked 
|  81|0x0000000087100000, 0x0000000087100000, 0x0000000087200000|  0%| F|  |TAMS 0x0000000087100000, 0x0000000087100000| Untracked 
|  82|0x0000000087200000, 0x0000000087200000, 0x0000000087300000|  0%| F|  |TAMS 0x0000000087200000, 0x0000000087200000| Untracked 
|  83|0x0000000087300000, 0x0000000087300000, 0x0000000087400000|  0%| F|  |TAMS 0x0000000087300000, 0x0000000087300000| Untracked 
|  84|0x0000000087400000, 0x0000000087400000, 0x0000000087500000|  0%| F|  |TAMS 0x0000000087400000, 0x0000000087400000| Untracked 
|  85|0x0000000087500000, 0x0000000087500000, 0x0000000087600000|  0%| F|  |TAMS 0x0000000087500000, 0x0000000087500000| Untracked 
|  86|0x0000000087600000, 0x0000000087600000, 0x0000000087700000|  0%| F|  |TAMS 0x0000000087600000, 0x0000000087600000| Untracked 
|  87|0x0000000087700000, 0x0000000087700000, 0x0000000087800000|  0%| F|  |TAMS 0x0000000087700000, 0x0000000087700000| Untracked 
|  88|0x0000000087800000, 0x0000000087800000, 0x0000000087900000|  0%| F|  |TAMS 0x0000000087800000, 0x0000000087800000| Untracked 
|  89|0x0000000087900000, 0x0000000087900000, 0x0000000087a00000|  0%| F|  |TAMS 0x0000000087900000, 0x0000000087900000| Untracked 
|  90|0x0000000087a00000, 0x0000000087a00000, 0x0000000087b00000|  0%| F|  |TAMS 0x0000000087a00000, 0x0000000087a00000| Untracked 
|  91|0x0000000087b00000, 0x0000000087b00000, 0x0000000087c00000|  0%| F|  |TAMS 0x0000000087b00000, 0x0000000087b00000| Untracked 
|  92|0x0000000087c00000, 0x0000000087c00000, 0x0000000087d00000|  0%| F|  |TAMS 0x0000000087c00000, 0x0000000087c00000| Untracked 
|  93|0x0000000087d00000, 0x0000000087d00000, 0x0000000087e00000|  0%| F|  |TAMS 0x0000000087d00000, 0x0000000087d00000| Untracked 
|  94|0x0000000087e00000, 0x0000000087e00000, 0x0000000087f00000|  0%| F|  |TAMS 0x0000000087e00000, 0x0000000087e00000| Untracked 
|  95|0x0000000087f00000, 0x0000000087f00000, 0x0000000088000000|  0%| F|  |TAMS 0x0000000087f00000, 0x0000000087f00000| Untracked 
|  96|0x0000000088000000, 0x0000000088000000, 0x0000000088100000|  0%| F|  |TAMS 0x0000000088000000, 0x0000000088000000| Untracked 
|  97|0x0000000088100000, 0x0000000088100000, 0x0000000088200000|  0%| F|  |TAMS 0x0000000088100000, 0x0000000088100000| Untracked 
|  98|0x0000000088200000, 0x0000000088200000, 0x0000000088300000|  0%| F|  |TAMS 0x0000000088200000, 0x0000000088200000| Untracked 
|  99|0x0000000088300000, 0x0000000088300000, 0x0000000088400000|  0%| F|  |TAMS 0x0000000088300000, 0x0000000088300000| Untracked 
| 100|0x0000000088400000, 0x0000000088400000, 0x0000000088500000|  0%| F|  |TAMS 0x0000000088400000, 0x0000000088400000| Untracked 
| 101|0x0000000088500000, 0x0000000088500000, 0x0000000088600000|  0%| F|  |TAMS 0x0000000088500000, 0x0000000088500000| Untracked 
| 102|0x0000000088600000, 0x0000000088600000, 0x0000000088700000|  0%| F|  |TAMS 0x0000000088600000, 0x0000000088600000| Untracked 
| 103|0x0000000088700000, 0x0000000088800000, 0x0000000088800000|100%| E|  |TAMS 0x0000000088700000, 0x0000000088700000| Complete 
| 104|0x0000000088800000, 0x0000000088900000, 0x0000000088900000|100%| E|CS|TAMS 0x0000000088800000, 0x0000000088800000| Complete 
| 105|0x0000000088900000, 0x0000000088a00000, 0x0000000088a00000|100%| E|CS|TAMS 0x0000000088900000, 0x0000000088900000| Complete 
| 106|0x0000000088a00000, 0x0000000088b00000, 0x0000000088b00000|100%| E|CS|TAMS 0x0000000088a00000, 0x0000000088a00000| Complete 
| 107|0x0000000088b00000, 0x0000000088c00000, 0x0000000088c00000|100%| E|CS|TAMS 0x0000000088b00000, 0x0000000088b00000| Complete 
| 108|0x0000000088c00000, 0x0000000088d00000, 0x0000000088d00000|100%| E|  |TAMS 0x0000000088c00000, 0x0000000088c00000| Complete 
| 109|0x0000000088d00000, 0x0000000088e00000, 0x0000000088e00000|100%| E|CS|TAMS 0x0000000088d00000, 0x0000000088d00000| Complete 
| 110|0x0000000088e00000, 0x0000000088f00000, 0x0000000088f00000|100%| E|CS|TAMS 0x0000000088e00000, 0x0000000088e00000| Complete 
| 111|0x0000000088f00000, 0x0000000089000000, 0x0000000089000000|100%| E|CS|TAMS 0x0000000088f00000, 0x0000000088f00000| Complete 
| 112|0x0000000089000000, 0x0000000089100000, 0x0000000089100000|100%| E|CS|TAMS 0x0000000089000000, 0x0000000089000000| Complete 
| 113|0x0000000089100000, 0x0000000089200000, 0x0000000089200000|100%| E|CS|TAMS 0x0000000089100000, 0x0000000089100000| Complete 
| 114|0x0000000089200000, 0x0000000089300000, 0x0000000089300000|100%| E|CS|TAMS 0x0000000089200000, 0x0000000089200000| Complete 
| 115|0x0000000089300000, 0x0000000089400000, 0x0000000089400000|100%| E|CS|TAMS 0x0000000089300000, 0x0000000089300000| Complete 
| 116|0x0000000089400000, 0x0000000089500000, 0x0000000089500000|100%| E|CS|TAMS 0x0000000089400000, 0x0000000089400000| Complete 
| 117|0x0000000089500000, 0x0000000089600000, 0x0000000089600000|100%| E|CS|TAMS 0x0000000089500000, 0x0000000089500000| Complete 
| 118|0x0000000089600000, 0x0000000089700000, 0x0000000089700000|100%| E|CS|TAMS 0x0000000089600000, 0x0000000089600000| Complete 
| 119|0x0000000089700000, 0x0000000089800000, 0x0000000089800000|100%| E|CS|TAMS 0x0000000089700000, 0x0000000089700000| Complete 
| 120|0x0000000089800000, 0x0000000089900000, 0x0000000089900000|100%| E|CS|TAMS 0x0000000089800000, 0x0000000089800000| Complete 
| 121|0x0000000089900000, 0x0000000089a00000, 0x0000000089a00000|100%| E|CS|TAMS 0x0000000089900000, 0x0000000089900000| Complete 
| 122|0x0000000089a00000, 0x0000000089b00000, 0x0000000089b00000|100%| E|CS|TAMS 0x0000000089a00000, 0x0000000089a00000| Complete 
| 123|0x0000000089b00000, 0x0000000089c00000, 0x0000000089c00000|100%| E|CS|TAMS 0x0000000089b00000, 0x0000000089b00000| Complete 
| 124|0x0000000089c00000, 0x0000000089d00000, 0x0000000089d00000|100%| E|CS|TAMS 0x0000000089c00000, 0x0000000089c00000| Complete 
| 125|0x0000000089d00000, 0x0000000089e00000, 0x0000000089e00000|100%| E|CS|TAMS 0x0000000089d00000, 0x0000000089d00000| Complete 

Card table byte_map: [0x000000001a8f0000,0x000000001ace0000] _byte_map_base: 0x000000001a4e0000

Marking Bits (Prev, Next): (CMBitMap*) 0x0000000000318928, (CMBitMap*) 0x0000000000318960
 Prev Bits: [0x000000001b0d0000, 0x000000001d050000)
 Next Bits: [0x000000001d050000, 0x000000001efd0000)

Polling page: 0x0000000000230000

Metaspace:

Usage:
  Non-class:     32.98 MB capacity,    32.34 MB ( 98%) used,   521.87 KB (  2%) free+waste,   132.63 KB ( <1%) overhead. 
      Class:      5.19 MB capacity,     4.74 MB ( 91%) used,   393.84 KB (  7%) free+waste,    65.31 KB (  1%) overhead. 
       Both:     38.17 MB capacity,    37.09 MB ( 97%) used,   915.71 KB (  2%) free+waste,   197.94 KB ( <1%) overhead. 

Virtual space:
  Non-class space:       34.00 MB reserved,      33.20 MB ( 98%) committed 
      Class space:        1.00 GB reserved,       5.25 MB ( <1%) committed 
             Both:        1.03 GB reserved,      38.45 MB (  4%) committed 

Chunk freelists:
   Non-Class:  33.00 KB
       Class:  30.00 KB
        Both:  63.00 KB

MaxMetaspaceSize: 17179869184.00 GB
CompressedClassSpaceSize: 1.00 GB
Initial GC threshold: 20.80 MB
Current GC threshold: 59.09 MB
CDS: off

CodeHeap 'non-profiled nmethods': size=120064Kb used=1310Kb max_used=1310Kb free=118754Kb
 bounds [0x0000000012950000, 0x0000000012bc0000, 0x0000000019e90000]
CodeHeap 'profiled nmethods': size=120000Kb used=6882Kb max_used=6882Kb free=113117Kb
 bounds [0x000000000b420000, 0x000000000bae0000, 0x0000000012950000]
CodeHeap 'non-nmethods': size=5696Kb used=1205Kb max_used=1243Kb free=4490Kb
 bounds [0x000000000ae90000, 0x000000000b100000, 0x000000000b420000]
 total_blobs=3634 nmethods=3163 adapters=383
 compilation: enabled
              stopped_count=0, restarted_count=0
 full_count=0

Compilation events (20 events):
Event: 3.621 Thread 0x00000000623ca000 3010       3       org.springframework.core.annotation.MergedAnnotation$Adapt::isIn (36 bytes)
Event: 3.622 Thread 0x00000000623ca000 nmethod 3010 0x000000000ba96110 code [0x000000000ba962c0, 0x000000000ba964d8]
Event: 3.622 Thread 0x00000000623ca000 3011       3       org.springframework.core.annotation.TypeMappedAnnotations$Aggregate::getMapping (24 bytes)
Event: 3.622 Thread 0x00000000623ca000 nmethod 3011 0x000000000ba96610 code [0x000000000ba96820, 0x000000000ba96d58]
Event: 3.622 Thread 0x00000000623ca000 3012       3       org.springframework.core.annotation.TypeMappedAnnotations$Aggregate::getMappings (7 bytes)
Event: 3.622 Thread 0x00000000623ca000 nmethod 3012 0x000000000ba96f90 code [0x000000000ba97140, 0x000000000ba97278]
Event: 3.622 Thread 0x00000000623ca000 3013       3       org.springframework.core.annotation.TypeMappedAnnotations$Aggregate::size (10 bytes)
Event: 3.622 Thread 0x00000000623ca000 nmethod 3013 0x000000000ba97390 code [0x000000000ba97540, 0x000000000ba97708]
Event: 3.623 Thread 0x00000000623ca000 3014       3       org.springframework.core.annotation.TypeMappedAnnotation::getTypeForMapOptions (57 bytes)
Event: 3.623 Thread 0x00000000623ca000 nmethod 3014 0x000000000ba97810 code [0x000000000ba97a20, 0x000000000ba97e38]
Event: 3.623 Thread 0x00000000623ca000 3015       3       org.springframework.core.annotation.TypeMappedAnnotation::adaptValueForMapOptions (177 bytes)
Event: 3.624 Thread 0x00000000623ca000 nmethod 3015 0x000000000ba97f90 code [0x000000000ba98260, 0x000000000ba99128]
Event: 3.624 Thread 0x00000000623ca000 3016       3       java.util.concurrent.ConcurrentHashMap::<init> (73 bytes)
Event: 3.625 Thread 0x00000000623ca000 nmethod 3016 0x000000000ba99610 code [0x000000000ba99840, 0x000000000ba99db8]
Event: 3.625 Thread 0x00000000623ca000 3017       3       java.util.stream.Collectors$$Lambda$66/0x0000000021b49840::accept (11 bytes)
Event: 3.625 Thread 0x00000000623ca000 nmethod 3017 0x000000000ba99f90 code [0x000000000ba9a160, 0x000000000ba9a408]
Event: 3.631 Thread 0x00000000623ca000 3018       3       java.util.IdentityHashMap::get (60 bytes)
Event: 3.632 Thread 0x00000000623ca000 nmethod 3018 0x000000000ba9a510 code [0x000000000ba9a700, 0x000000000ba9ab48]
Event: 3.637 Thread 0x00000000623ca000 3020       1       org.springframework.beans.factory.support.RootBeanDefinition::getDecoratedDefinition (5 bytes)
Event: 3.637 Thread 0x00000000623ca000 nmethod 3020 0x0000000012a88310 code [0x0000000012a884c0, 0x0000000012a88578]

GC Heap History (14 events):
Event: 0.823 GC heap before
{Heap before GC invocations=0 (full 0):
 garbage-first heap   total 129024K, used 14336K [0x0000000082000000, 0x0000000100000000)
  region size 1024K, 14 young (14336K), 0 survivors (0K)
 Metaspace       used 9764K, capacity 10010K, committed 10240K, reserved 1058816K
  class space    used 904K, capacity 981K, committed 1024K, reserved 1048576K
}
Event: 0.827 GC heap after
{Heap after GC invocations=1 (full 0):
 garbage-first heap   total 129024K, used 6943K [0x0000000082000000, 0x0000000100000000)
  region size 1024K, 2 young (2048K), 2 survivors (2048K)
 Metaspace       used 9764K, capacity 10010K, committed 10240K, reserved 1058816K
  class space    used 904K, capacity 981K, committed 1024K, reserved 1048576K
}
Event: 1.041 GC heap before
{Heap before GC invocations=1 (full 0):
 garbage-first heap   total 129024K, used 14111K [0x0000000082000000, 0x0000000100000000)
  region size 1024K, 9 young (9216K), 2 survivors (2048K)
 Metaspace       used 11088K, capacity 11427K, committed 11776K, reserved 1060864K
  class space    used 1063K, capacity 1158K, committed 1280K, reserved 1048576K
}
Event: 1.044 GC heap after
{Heap after GC invocations=2 (full 0):
 garbage-first heap   total 129024K, used 8038K [0x0000000082000000, 0x0000000100000000)
  region size 1024K, 1 young (1024K), 1 survivors (1024K)
 Metaspace       used 11088K, capacity 11427K, committed 11776K, reserved 1060864K
  class space    used 1063K, capacity 1158K, committed 1280K, reserved 1048576K
}
Event: 1.589 GC heap before
{Heap before GC invocations=2 (full 0):
 garbage-first heap   total 129024K, used 30566K [0x0000000082000000, 0x0000000100000000)
  region size 1024K, 24 young (24576K), 1 survivors (1024K)
 Metaspace       used 15714K, capacity 16266K, committed 16512K, reserved 1064960K
  class space    used 1645K, capacity 1841K, committed 1920K, reserved 1048576K
}
Event: 1.592 GC heap after
{Heap after GC invocations=3 (full 0):
 garbage-first heap   total 129024K, used 9406K [0x0000000082000000, 0x0000000100000000)
  region size 1024K, 3 young (3072K), 3 survivors (3072K)
 Metaspace       used 15714K, capacity 16266K, committed 16512K, reserved 1064960K
  class space    used 1645K, capacity 1841K, committed 1920K, reserved 1048576K
}
Event: 2.187 GC heap before
{Heap before GC invocations=3 (full 0):
 garbage-first heap   total 129024K, used 45246K [0x0000000082000000, 0x0000000100000000)
  region size 1024K, 38 young (38912K), 3 survivors (3072K)
 Metaspace       used 19852K, capacity 20533K, committed 20864K, reserved 1067008K
  class space    used 2316K, capacity 2577K, committed 2688K, reserved 1048576K
}
Event: 2.190 GC heap after
{Heap after GC invocations=4 (full 0):
 garbage-first heap   total 129024K, used 10355K [0x0000000082000000, 0x0000000100000000)
  region size 1024K, 3 young (3072K), 3 survivors (3072K)
 Metaspace       used 19852K, capacity 20533K, committed 20864K, reserved 1067008K
  class space    used 2316K, capacity 2577K, committed 2688K, reserved 1048576K
}
Event: 2.273 GC heap before
{Heap before GC invocations=4 (full 0):
 garbage-first heap   total 129024K, used 17523K [0x0000000082000000, 0x0000000100000000)
  region size 1024K, 11 young (11264K), 3 survivors (3072K)
 Metaspace       used 20535K, capacity 21211K, committed 21296K, reserved 1069056K
  class space    used 2430K, capacity 2675K, committed 2688K, reserved 1048576K
}
Event: 2.282 GC heap after
{Heap after GC invocations=5 (full 0):
 garbage-first heap   total 129024K, used 10367K [0x0000000082000000, 0x0000000100000000)
  region size 1024K, 3 young (3072K), 3 survivors (3072K)
 Metaspace       used 20535K, capacity 21211K, committed 21296K, reserved 1069056K
  class space    used 2430K, capacity 2675K, committed 2688K, reserved 1048576K
}
Event: 3.096 GC heap before
{Heap before GC invocations=6 (full 0):
 garbage-first heap   total 129024K, used 64639K [0x0000000082000000, 0x0000000100000000)
  region size 1024K, 56 young (57344K), 3 survivors (3072K)
 Metaspace       used 29236K, capacity 30195K, committed 30464K, reserved 1075200K
  class space    used 3694K, capacity 4056K, committed 4096K, reserved 1048576K
}
Event: 3.102 GC heap after
{Heap after GC invocations=7 (full 0):
 garbage-first heap   total 129024K, used 12246K [0x0000000082000000, 0x0000000100000000)
  region size 1024K, 5 young (5120K), 5 survivors (5120K)
 Metaspace       used 29236K, capacity 30195K, committed 30464K, reserved 1075200K
  class space    used 3694K, capacity 4056K, committed 4096K, reserved 1048576K
}
Event: 3.543 GC heap before
{Heap before GC invocations=7 (full 0):
 garbage-first heap   total 129024K, used 67542K [0x0000000082000000, 0x0000000100000000)
  region size 1024K, 61 young (62464K), 5 survivors (5120K)
 Metaspace       used 34960K, capacity 35998K, committed 36048K, reserved 1081344K
  class space    used 4430K, capacity 4861K, committed 4864K, reserved 1048576K
}
Event: 3.556 GC heap after
{Heap after GC invocations=8 (full 0):
 garbage-first heap   total 129024K, used 14902K [0x0000000082000000, 0x0000000100000000)
  region size 1024K, 6 young (6144K), 6 survivors (6144K)
 Metaspace       used 34960K, capacity 35998K, committed 36048K, reserved 1081344K
  class space    used 4430K, capacity 4861K, committed 4864K, reserved 1048576K
}

Deoptimization events (20 events):
Event: 3.381 Thread 0x00000000654d8000 DEOPT PACKING pc=0x00000000129c1f10 sp=0x000000006813e620
Event: 3.381 Thread 0x00000000654d8000 DEOPT UNPACKING pc=0x000000000aeda1af sp=0x000000006813e5c0 mode 2
Event: 3.382 Thread 0x00000000654d8000 Uncommon trap: trap_request=0xffffffc6 fr.pc=0x00000000129c1f10 relative=0x00000000000009f0
Event: 3.383 Thread 0x00000000654d8000 Uncommon trap: reason=bimorphic_or_optimized_type_check action=maybe_recompile pc=0x00000000129c1f10 method=java.util.HashMap.putVal(ILjava/lang/Object;Ljava/lang/Object;ZZ)Ljava/lang/Object; @ 203 c2
Event: 3.383 Thread 0x00000000654d8000 DEOPT PACKING pc=0x00000000129c1f10 sp=0x000000006813e4b0
Event: 3.383 Thread 0x00000000654d8000 DEOPT UNPACKING pc=0x000000000aeda1af sp=0x000000006813e450 mode 2
Event: 3.444 Thread 0x00000000002d9000 DEOPT PACKING pc=0x000000000b9d6e96 sp=0x000000000233bd40
Event: 3.444 Thread 0x00000000002d9000 DEOPT UNPACKING pc=0x000000000aeda95e sp=0x000000000233b260 mode 0
Event: 3.447 Thread 0x00000000002d9000 DEOPT PACKING pc=0x000000000b9d6e96 sp=0x000000000233bf70
Event: 3.447 Thread 0x00000000002d9000 DEOPT UNPACKING pc=0x000000000aeda95e sp=0x000000000233b4a8 mode 0
Event: 3.485 Thread 0x00000000002d9000 DEOPT PACKING pc=0x000000000b9d6e75 sp=0x000000000233b910
Event: 3.485 Thread 0x00000000002d9000 DEOPT UNPACKING pc=0x000000000aeda95e sp=0x000000000233ae30 mode 0
Event: 3.486 Thread 0x00000000002d9000 DEOPT PACKING pc=0x000000000b9d6e75 sp=0x000000000233bb40
Event: 3.486 Thread 0x00000000002d9000 DEOPT UNPACKING pc=0x000000000aeda95e sp=0x000000000233b078 mode 0
Event: 3.502 Thread 0x00000000002d9000 Uncommon trap: trap_request=0xffffffc6 fr.pc=0x00000000129c1f10 relative=0x00000000000009f0
Event: 3.502 Thread 0x00000000002d9000 Uncommon trap: reason=bimorphic_or_optimized_type_check action=maybe_recompile pc=0x00000000129c1f10 method=java.util.HashMap.putVal(ILjava/lang/Object;Ljava/lang/Object;ZZ)Ljava/lang/Object; @ 203 c2
Event: 3.502 Thread 0x00000000002d9000 DEOPT PACKING pc=0x00000000129c1f10 sp=0x000000000233bdb0
Event: 3.502 Thread 0x00000000002d9000 DEOPT UNPACKING pc=0x000000000aeda1af sp=0x000000000233bd50 mode 2
Event: 3.573 Thread 0x00000000654d8000 DEOPT PACKING pc=0x000000000b911f67 sp=0x000000006813c580
Event: 3.573 Thread 0x00000000654d8000 DEOPT UNPACKING pc=0x000000000aeda95e sp=0x000000006813ba08 mode 0

Classes redefined (0 events):
No events

Internal exceptions (20 events):
Event: 2.901 Thread 0x00000000002d9000 Exception <a 'java/lang/NoSuchMethodError'{0x0000000087547630}: 'void java.lang.invoke.DirectMethodHandle$Holder.invokeVirtual(java.lang.Object, java.lang.Object, java.lang.Object, java.lang.Object)'> (0x0000000087547630) thrown at [./src/hotspot/share/interpreter/linkResolver.cpp, line 773]
Event: 3.068 Thread 0x00000000002d9000 Implicit null exception at 0x00000000129b2b65 to 0x00000000129b2d10
Event: 3.158 Thread 0x00000000002d9000 Exception <a 'java/lang/ClassNotFoundException'{0x00000000896e2b48}: java/lang/ObjectCustomizer> (0x00000000896e2b48) thrown at [./src/hotspot/share/classfile/systemDictionary.cpp, line 230]
Event: 3.163 Thread 0x00000000002d9000 Exception <a 'java/lang/ClassNotFoundException'{0x0000000089467168}: org/springframework/context/annotation/ConfigurationClassPostProcessorCustomizer> (0x0000000089467168) thrown at [./src/hotspot/share/classfile/systemDictionary.cpp, line 230]
Event: 3.166 Thread 0x00000000002d9000 Exception <a 'java/lang/ClassNotFoundException'{0x0000000089492668}: org/springframework/beans/factory/support/BeanDefinitionRegistryPostProcessorCustomizer> (0x0000000089492668) thrown at [./src/hotspot/share/classfile/systemDictionary.cpp, line 230]
Event: 3.167 Thread 0x00000000002d9000 Exception <a 'java/lang/ClassNotFoundException'{0x00000000894abc70}: org/springframework/beans/factory/config/BeanFactoryPostProcessorCustomizer> (0x00000000894abc70) thrown at [./src/hotspot/share/classfile/systemDictionary.cpp, line 230]
Event: 3.168 Thread 0x00000000002d9000 Exception <a 'java/lang/ClassNotFoundException'{0x00000000894c0af0}: org/springframework/core/PriorityOrderedCustomizer> (0x00000000894c0af0) thrown at [./src/hotspot/share/classfile/systemDictionary.cpp, line 230]
Event: 3.168 Thread 0x00000000002d9000 Exception <a 'java/lang/ClassNotFoundException'{0x00000000894d31d8}: org/springframework/core/OrderedCustomizer> (0x00000000894d31d8) thrown at [./src/hotspot/share/classfile/systemDictionary.cpp, line 230]
Event: 3.169 Thread 0x00000000002d9000 Exception <a 'java/lang/ClassNotFoundException'{0x00000000893c2af8}: org/springframework/context/ResourceLoaderAwareCustomizer> (0x00000000893c2af8) thrown at [./src/hotspot/share/classfile/systemDictionary.cpp, line 230]
Event: 3.170 Thread 0x00000000002d9000 Exception <a 'java/lang/ClassNotFoundException'{0x00000000893d7410}: org/springframework/beans/factory/AwareCustomizer> (0x00000000893d7410) thrown at [./src/hotspot/share/classfile/systemDictionary.cpp, line 230]
Event: 3.170 Thread 0x00000000002d9000 Exception <a 'java/lang/ClassNotFoundException'{0x00000000893ed0c0}: org/springframework/context/ApplicationStartupAwareCustomizer> (0x00000000893ed0c0) thrown at [./src/hotspot/share/classfile/systemDictionary.cpp, line 230]
Event: 3.171 Thread 0x00000000002d9000 Exception <a 'java/lang/ClassNotFoundException'{0x000000008925c130}: org/springframework/beans/factory/AwareCustomizer> (0x000000008925c130) thrown at [./src/hotspot/share/classfile/systemDictionary.cpp, line 230]
Event: 3.171 Thread 0x00000000002d9000 Exception <a 'java/lang/ClassNotFoundException'{0x0000000089272458}: org/springframework/beans/factory/BeanClassLoaderAwareCustomizer> (0x0000000089272458) thrown at [./src/hotspot/share/classfile/systemDictionary.cpp, line 230]
Event: 3.172 Thread 0x00000000002d9000 Exception <a 'java/lang/ClassNotFoundException'{0x0000000089286d88}: org/springframework/beans/factory/AwareCustomizer> (0x0000000089286d88) thrown at [./src/hotspot/share/classfile/systemDictionary.cpp, line 230]
Event: 3.172 Thread 0x00000000002d9000 Exception <a 'java/lang/ClassNotFoundException'{0x000000008929b7d0}: org/springframework/context/EnvironmentAwareCustomizer> (0x000000008929b7d0) thrown at [./src/hotspot/share/classfile/systemDictionary.cpp, line 230]
Event: 3.173 Thread 0x00000000002d9000 Exception <a 'java/lang/ClassNotFoundException'{0x00000000892b0078}: org/springframework/beans/factory/AwareCustomizer> (0x00000000892b0078) thrown at [./src/hotspot/share/classfile/systemDictionary.cpp, line 230]
Event: 3.413 Thread 0x00000000654d8000 Exception <a 'java/lang/NoSuchMethodError'{0x0000000087645718}: 'java.lang.Object java.lang.invoke.DirectMethodHandle$Holder.invokeStaticInit(java.lang.Object, java.lang.Object, java.lang.Object, java.lang.Object, java.lang.Object)'> (0x0000000087645718) thrown at [./src/hotspot/share/interpreter/linkResolver.cpp, line 773]
Event: 3.420 Thread 0x00000000654d8000 Exception <a 'java/lang/NoSuchMethodError'{0x00000000875d7310}: 'java.lang.Object java.lang.invoke.DirectMethodHandle$Holder.invokeSpecial(java.lang.Object, java.lang.Object, int, int, java.lang.Object, java.lang.Object, java.lang.Object)'> (0x00000000875d7310) thrown at [./src/hotspot/share/interpreter/linkResolver.cpp, line 773]
Event: 3.421 Thread 0x00000000654d8000 Exception <a 'java/lang/NoSuchMethodError'{0x00000000875daae8}: 'java.lang.Object java.lang.invoke.DelegatingMethodHandle$Holder.reinvoke_L(java.lang.Object, int, int, java.lang.Object, java.lang.Object, java.lang.Object)'> (0x00000000875daae8) thrown at [./src/hotspot/share/interpreter/linkResolver.cpp, line 773]
Event: 3.421 Thread 0x00000000654d8000 Exception <a 'java/lang/NoSuchMethodError'{0x00000000875de8c8}: 'java.lang.Object java.lang.invoke.DirectMethodHandle$Holder.invokeStatic(java.lang.Object, java.lang.Object, java.lang.Object, java.lang.Object, int)'> (0x00000000875de8c8) thrown at [./src/hotspot/share/interpreter/linkResolver.cpp, line 773]

Events (20 events):
Event: 3.640 loading class com/fasterxml/jackson/databind/ser/std/NumberSerializers
Event: 3.640 loading class com/fasterxml/jackson/databind/ser/std/NumberSerializers done
Event: 3.640 loading class org/springframework/boot/validation/beanvalidation/MethodValidationExcludeFilter
Event: 3.640 loading class org/springframework/boot/validation/beanvalidation/MethodValidationExcludeFilter done
Event: 3.640 loading class com/fasterxml/jackson/databind/ser/std/NumberSerializers$IntegerSerializer
Event: 3.640 loading class com/fasterxml/jackson/databind/ser/std/NumberSerializers$IntegerSerializer done
Event: 3.640 loading class org/springframework/boot/validation/beanvalidation/MethodValidationExcludeFilter
Event: 3.640 loading class org/springframework/boot/validation/beanvalidation/MethodValidationExcludeFilter done
Event: 3.640 loading class org/springframework/boot/validation/beanvalidation/MethodValidationExcludeFilter
Event: 3.640 loading class org/springframework/boot/validation/beanvalidation/MethodValidationExcludeFilter done
Event: 3.641 loading class org/springframework/boot/context/properties/ConfigurationPropertiesBeanRegistrar
Event: 3.641 loading class org/springframework/boot/context/properties/ConfigurationPropertiesBeanRegistrar done
Event: 3.641 loading class com/fasterxml/jackson/databind/ser/std/NumberSerializers$Base
Event: 3.641 loading class com/fasterxml/jackson/databind/ser/std/NumberSerializers$Base done
Event: 3.641 loading class com/fasterxml/jackson/core/JsonParser$NumberType
Event: 3.641 loading class com/fasterxml/jackson/core/JsonParser$NumberType done
Event: 3.641 loading class org/springframework/core/annotation/MergedAnnotation
Event: 3.641 loading class org/springframework/core/annotation/MergedAnnotation done
Event: 3.641 loading class org/springframework/core/annotation/MergedAnnotation
Event: 3.641 loading class org/springframework/core/annotation/MergedAnnotation done


Dynamic libraries:
0x000000013f9b0000 - 0x000000013f9bd000 	H:\java\jdk-11-Amazon\Amazon Corretto\jdk11.0.15_9\bin\java.exe
0x0000000077910000 - 0x0000000077ab9000 	C:\Windows\SYSTEM32\ntdll.dll
0x00000000777f0000 - 0x0000000077910000 	C:\Windows\system32\kernel32.dll
0x000007fefd770000 - 0x000007fefd7dc000 	C:\Windows\system32\KERNELBASE.dll
0x000007fefaa60000 - 0x000007fefaa77000 	H:\java\jdk-11-Amazon\Amazon Corretto\jdk11.0.15_9\bin\jli.dll
0x000007fefb8b0000 - 0x000007fefbaa4000 	C:\Windows\WinSxS\amd64_microsoft.windows.common-controls_6595b64144ccf1df_6.0.7601.18837_none_fa3b1e3d17594757\COMCTL32.dll
0x000007fefe660000 - 0x000007fefe6ff000 	C:\Windows\system32\msvcrt.dll
0x000007fefe700000 - 0x000007fefe767000 	C:\Windows\system32\GDI32.dll
0x00000000776f0000 - 0x00000000777ea000 	C:\Windows\system32\USER32.dll
0x000007fefe050000 - 0x000007fefe05e000 	C:\Windows\system32\LPK.dll
0x000007fefe060000 - 0x000007fefe12a000 	C:\Windows\system32\USP10.dll
0x000007fefe5e0000 - 0x000007fefe651000 	C:\Windows\system32\SHLWAPI.dll
0x000007fefbf00000 - 0x000007fefbf19000 	H:\java\jdk-11-Amazon\Amazon Corretto\jdk11.0.15_9\bin\VCRUNTIME140.dll
0x000007fefaa40000 - 0x000007fefaa44000 	H:\java\jdk-11-Amazon\Amazon Corretto\jdk11.0.15_9\bin\api-ms-win-crt-runtime-l1-1-0.dll
0x000007fef13a0000 - 0x000007fef149c000 	H:\java\jdk-11-Amazon\Amazon Corretto\jdk11.0.15_9\bin\ucrtbase.DLL
0x000007fefaa50000 - 0x000007fefaa53000 	H:\java\jdk-11-Amazon\Amazon Corretto\jdk11.0.15_9\bin\api-ms-win-core-localization-l1-2-0.dll
0x000007fefaa20000 - 0x000007fefaa23000 	H:\java\jdk-11-Amazon\Amazon Corretto\jdk11.0.15_9\bin\api-ms-win-core-processthreads-l1-1-1.dll
0x000007fefaa30000 - 0x000007fefaa33000 	H:\java\jdk-11-Amazon\Amazon Corretto\jdk11.0.15_9\bin\api-ms-win-core-file-l1-2-0.dll
0x000007fefaa00000 - 0x000007fefaa03000 	H:\java\jdk-11-Amazon\Amazon Corretto\jdk11.0.15_9\bin\api-ms-win-core-timezone-l1-1-0.dll
0x000007fefaa10000 - 0x000007fefaa13000 	H:\java\jdk-11-Amazon\Amazon Corretto\jdk11.0.15_9\bin\api-ms-win-core-file-l2-1-0.dll
0x000007fef7e60000 - 0x000007fef7e63000 	H:\java\jdk-11-Amazon\Amazon Corretto\jdk11.0.15_9\bin\api-ms-win-core-synch-l1-2-0.dll
0x000007fef7e70000 - 0x000007fef7e73000 	H:\java\jdk-11-Amazon\Amazon Corretto\jdk11.0.15_9\bin\api-ms-win-crt-heap-l1-1-0.dll
0x000007fef7160000 - 0x000007fef7164000 	H:\java\jdk-11-Amazon\Amazon Corretto\jdk11.0.15_9\bin\api-ms-win-crt-string-l1-1-0.dll
0x000007fef7e50000 - 0x000007fef7e54000 	H:\java\jdk-11-Amazon\Amazon Corretto\jdk11.0.15_9\bin\api-ms-win-crt-stdio-l1-1-0.dll
0x000007fef6760000 - 0x000007fef6764000 	H:\java\jdk-11-Amazon\Amazon Corretto\jdk11.0.15_9\bin\api-ms-win-crt-convert-l1-1-0.dll
0x000007fef7140000 - 0x000007fef7143000 	H:\java\jdk-11-Amazon\Amazon Corretto\jdk11.0.15_9\bin\api-ms-win-crt-environment-l1-1-0.dll
0x000007fef5ff0000 - 0x000007fef5ff3000 	H:\java\jdk-11-Amazon\Amazon Corretto\jdk11.0.15_9\bin\api-ms-win-crt-filesystem-l1-1-0.dll
0x000007fef6600000 - 0x000007fef6605000 	H:\java\jdk-11-Amazon\Amazon Corretto\jdk11.0.15_9\bin\api-ms-win-crt-math-l1-1-0.dll
0x000007fef4f60000 - 0x000007fef4f63000 	H:\java\jdk-11-Amazon\Amazon Corretto\jdk11.0.15_9\bin\api-ms-win-crt-locale-l1-1-0.dll
0x000007fefdd40000 - 0x000007fefdd6e000 	C:\Windows\system32\IMM32.DLL
0x000007fefdf40000 - 0x000007fefe049000 	C:\Windows\system32\MSCTF.dll
0x000007fef1300000 - 0x000007fef139b000 	H:\java\jdk-11-Amazon\Amazon Corretto\jdk11.0.15_9\bin\msvcp140.dll
0x000007fef5700000 - 0x000007fef5703000 	H:\java\jdk-11-Amazon\Amazon Corretto\jdk11.0.15_9\bin\api-ms-win-crt-time-l1-1-0.dll
0x000007fef4a50000 - 0x000007fef4a53000 	H:\java\jdk-11-Amazon\Amazon Corretto\jdk11.0.15_9\bin\api-ms-win-crt-utility-l1-1-0.dll
0x000007fedd040000 - 0x000007feddbc3000 	H:\java\jdk-11-Amazon\Amazon Corretto\jdk11.0.15_9\bin\server\jvm.dll
0x000007feffb20000 - 0x000007feffbfb000 	C:\Windows\system32\ADVAPI32.dll
0x000007feffc00000 - 0x000007feffc1f000 	C:\Windows\SYSTEM32\sechost.dll
0x000007fefdd70000 - 0x000007fefde9d000 	C:\Windows\system32\RPCRT4.dll
0x000007fef8900000 - 0x000007fef8909000 	C:\Windows\system32\WSOCK32.dll
0x000007fefe590000 - 0x000007fefe5dd000 	C:\Windows\system32\WS2_32.dll
0x000007fefe580000 - 0x000007fefe588000 	C:\Windows\system32\NSI.dll
0x000007fefae50000 - 0x000007fefae8b000 	C:\Windows\system32\WINMM.dll
0x000007fefc460000 - 0x000007fefc46c000 	C:\Windows\system32\VERSION.dll
0x0000000077ae0000 - 0x0000000077ae7000 	C:\Windows\system32\PSAPI.DLL
0x000007fef4a60000 - 0x000007fef4a70000 	H:\java\jdk-11-Amazon\Amazon Corretto\jdk11.0.15_9\bin\verify.dll
0x000007fef9ba0000 - 0x000007fef9cc5000 	C:\Windows\system32\DBGHELP.DLL
0x000007fef4470000 - 0x000007fef4498000 	H:\java\jdk-11-Amazon\Amazon Corretto\jdk11.0.15_9\bin\java.dll
0x000007fef3600000 - 0x000007fef360a000 	H:\java\jdk-11-Amazon\Amazon Corretto\jdk11.0.15_9\bin\jimage.dll
0x000007fef35f0000 - 0x000007fef35fe000 	H:\java\jdk-11-Amazon\Amazon Corretto\jdk11.0.15_9\bin\instrument.dll
0x000007fef28e0000 - 0x000007fef28f8000 	H:\java\jdk-11-Amazon\Amazon Corretto\jdk11.0.15_9\bin\zip.dll
0x000007fefe980000 - 0x000007feff709000 	C:\Windows\system32\SHELL32.dll
0x000007fefe130000 - 0x000007fefe333000 	C:\Windows\system32\ole32.dll
0x000007fefd6b0000 - 0x000007fefd6bf000 	C:\Windows\system32\profapi.dll
0x000007fef28c0000 - 0x000007fef28d9000 	H:\java\jdk-11-Amazon\Amazon Corretto\jdk11.0.15_9\bin\net.dll
0x000007fef9990000 - 0x000007fef9a01000 	C:\Windows\system32\WINHTTP.dll
0x000007fef9920000 - 0x000007fef9984000 	C:\Windows\system32\webio.dll
0x000007fefce50000 - 0x000007fefcea5000 	C:\Windows\system32\mswsock.dll
0x000007fefce40000 - 0x000007fefce47000 	C:\Windows\System32\wship6.dll
0x000007fef28a0000 - 0x000007fef28b3000 	H:\java\jdk-11-Amazon\Amazon Corretto\jdk11.0.15_9\bin\nio.dll
0x000007fef12e0000 - 0x000007fef12fa000 	H:\java\IntelliJ IDEA 2022.2.3\bin\breakgen64.dll
0x000007fef2e60000 - 0x000007fef2e69000 	H:\java\jdk-11-Amazon\Amazon Corretto\jdk11.0.15_9\bin\management.dll
0x000007fef2850000 - 0x000007fef285b000 	H:\java\jdk-11-Amazon\Amazon Corretto\jdk11.0.15_9\bin\management_ext.dll
0x000007fefbd00000 - 0x000007fefbd15000 	C:\Windows\system32\NLAapi.dll
0x000007fef7200000 - 0x000007fef7215000 	C:\Windows\system32\napinsp.dll
0x000007fef71e0000 - 0x000007fef71f9000 	C:\Windows\system32\pnrpnsp.dll
0x000007fef88d0000 - 0x000007fef88ff000 	C:\Program Files\Common Files\Microsoft Shared\Windows Live\WLIDNSP.DLL
0x000007fefccd0000 - 0x000007fefcd2b000 	C:\Windows\system32\DNSAPI.dll
0x000007fef71d0000 - 0x000007fef71db000 	C:\Windows\System32\winrnr.dll
0x000007fef71c0000 - 0x000007fef71d0000 	C:\Windows\system32\wshbth.dll
0x000007fefc820000 - 0x000007fefc827000 	C:\Windows\System32\wshtcpip.dll
0x000007fefb3e0000 - 0x000007fefb407000 	C:\Windows\system32\IPHLPAPI.DLL
0x000007fefb340000 - 0x000007fefb34b000 	C:\Windows\system32\WINNSI.DLL
0x000007fef88c0000 - 0x000007fef88c8000 	C:\Windows\system32\rasadhlp.dll
0x000007fefb2e0000 - 0x000007fefb333000 	C:\Windows\System32\fwpuclnt.dll

dbghelp: loaded successfully - version: 4.0.5 - missing functions: none
symbol engine: initialized successfully - sym options: 0x614 - pdb path: .;H:\java\jdk-11-Amazon\Amazon Corretto\jdk11.0.15_9\bin;C:\Windows\SYSTEM32;C:\Windows\WinSxS\amd64_microsoft.windows.common-controls_6595b64144ccf1df_6.0.7601.18837_none_fa3b1e3d17594757;H:\java\jdk-11-Amazon\Amazon Corretto\jdk11.0.15_9\bin\server;H:\java\IntelliJ IDEA 2022.2.3\bin;C:\Program Files\Common Files\Microsoft Shared\Windows Live

VM Arguments:
jvm_args: -ea -Dspring.profiles.active=test -Didea.test.cyclic.buffer.size=1048576 -javaagent:H:\java\IntelliJ IDEA 2022.2.3\lib\idea_rt.jar=53469:H:\java\IntelliJ IDEA 2022.2.3\bin -Dfile.encoding=UTF-8 
java_command: com.intellij.rt.junit.JUnitStarter -ideVersion5 -junit5 ru.practicum.shareit.user.controller.UserControllerTest,userById
java_class_path (initial): C:\Users\Михалыч\.m2\repository\org\junit\platform\junit-platform-launcher\1.8.2\junit-platform-launcher-1.8.2.jar;H:\java\IntelliJ IDEA 2022.2.3\lib\idea_rt.jar;H:\java\IntelliJ IDEA 2022.2.3\plugins\junit\lib\junit5-rt.jar;H:\java\IntelliJ IDEA 2022.2.3\plugins\junit\lib\junit-rt.jar;H:\java\progi\yandex\java-shareit\target\test-classes;H:\java\progi\yandex\java-shareit\target\classes;C:\Users\Михалыч\.m2\repository\org\springframework\boot\spring-boot-starter-web\2.7.2\spring-boot-starter-web-2.7.2.jar;C:\Users\Михалыч\.m2\repository\org\springframework\boot\spring-boot-starter\2.7.2\spring-boot-starter-2.7.2.jar;C:\Users\Михалыч\.m2\repository\org\springframework\boot\spring-boot\2.7.2\spring-boot-2.7.2.jar;C:\Users\Михалыч\.m2\repository\org\springframework\boot\spring-boot-autoconfigure\2.7.2\spring-boot-autoconfigure-2.7.2.jar;C:\Users\Михалыч\.m2\repository\org\springframework\boot\spring-boot-starter-logging\2.7.2\spring-boot-starter-logging-2.7.2.jar;C:\Users\Михалыч\.m2\repository\ch\qos\logback\logback-classic\1.2.11\logback-classic-1.2.11.jar;C:\Users\Михалыч\.m2\repository\ch\qos\logback\logback-core\1.2.11\logback-core-1.2.11.jar;C:\Users\Михалыч\.m2\repository\org\apache\logging\log4j\log4j-to-slf4j\2.17.2\log4j-to-slf4j-2.17.2.jar;C:\Users\Михалыч\.m2\repository\org\apache\logging\log4j\log4j-api\2.17.2\log4j-api-2.17.2.jar;C:\Users\Михалыч\.m2\repository\org\slf4j\jul-to-slf4j\1.7.36\jul-to-slf4j-1.7.36.jar;C:\Users\Михалыч\.m2\repository\jakarta\annotation\jakarta.annotation-api\1.3.5\jakarta.annotation-api-1.3.5.jar;C:\Users\Михалыч\.m2\repository\org\yaml\snakeyaml\1.30\snakeyaml-1.30.jar;C:\Users\Михалыч\.m2\repository\org\springframework\boot\spring-boot-starter-json\2.7.2\spring-boot-starter-json-2.7.2.jar;C:\Users\Михалыч\.m2\repository\com\fasterxml\jackson\core\jackson-databind\2.13.3\jackson-databind-2.13.3.jar;C:\Users\Михалыч\.m2\repository\com\fasterxml\jackson\core\jackson-annotations\2.13.3\jackson-annota
Launcher Type: SUN_STANDARD

[Global flags]
     intx CICompilerCount                          = 3                                         {product} {ergonomic}
     uint ConcGCThreads                            = 1                                         {product} {ergonomic}
     uint G1ConcRefinementThreads                  = 4                                         {product} {ergonomic}
   size_t G1HeapRegionSize                         = 1048576                                   {product} {ergonomic}
    uintx GCDrainStackTargetSize                   = 64                                        {product} {ergonomic}
   size_t InitialHeapSize                          = 132120576                                 {product} {ergonomic}
   size_t MarkStackSize                            = 4194304                                   {product} {ergonomic}
   size_t MaxHeapSize                              = 2113929216                                {product} {ergonomic}
   size_t MaxNewSize                               = 1267728384                                {product} {ergonomic}
   size_t MinHeapDeltaBytes                        = 1048576                                   {product} {ergonomic}
    uintx NonNMethodCodeHeapSize                   = 5830732                                {pd product} {ergonomic}
    uintx NonProfiledCodeHeapSize                  = 122913754                              {pd product} {ergonomic}
    uintx ProfiledCodeHeapSize                     = 122913754                              {pd product} {ergonomic}
    uintx ReservedCodeCacheSize                    = 251658240                              {pd product} {ergonomic}
     bool SegmentedCodeCache                       = true                                      {product} {ergonomic}
     bool UseCompressedClassPointers               = true                                 {lp64_product} {ergonomic}
     bool UseCompressedOops                        = true                                 {lp64_product} {ergonomic}
     bool UseG1GC                                  = true                                      {product} {ergonomic}
     bool UseLargePagesIndividualAllocation        = false                                  {pd product} {ergonomic}

Logging:
Log output configuration:
 #0: stdout all=warning uptime,level,tags
 #1: stderr all=off uptime,level,tags

Environment Variables:
JAVA_HOME=H:\java\jdk-11-Amazon\Amazon Corretto\jdk11.0.15_9
PATH=H:\java\jdk-11-Amazon\Amazon Corretto\jdk11.0.15_9\bin;C:\Program Files\Common Files\Oracle\Java\javapath;C:\ProgramData\Oracle\Java\javapath;C:\Program Files (x86)\Borland\Delphi7\Bin;C:\Program Files (x86)\Borland\Delphi7\Projects\Bpl\;C:\Program Files\Common Files\Microsoft Shared\Windows Live;C:\Program Files (x86)\Common Files\Microsoft Shared\Windows Live;C:\Program Files (x86)\Intel\iCLS Client\;C:\Program Files\Intel\iCLS Client\;C:\Windows\system32;C:\Windows;C:\Windows\System32\Wbem;C:\Windows\System32\WindowsPowerShell\v1.0\;C:\Program Files\Intel\Intel(R) Management Engine Components\DAL;C:\Program Files\Intel\Intel(R) Management Engine Components\IPT;C:\Program Files (x86)\Intel\Intel(R) Management Engine Components\DAL;C:\Program Files (x86)\Intel\Intel(R) Management Engine Components\IPT;C:\Program Files (x86)\Windows Live\Shared;C:\Program Files (x86)\Skype\Phone\;H:\java\jdk-11-Amazon\Amazon Corretto\jdk11.0.15_9\bin;C:\Program Files\nodejs\;H:\Git\cmd;C:\Users\Михалыч\AppData\Roaming\npm
USERNAME=Михалыч
OS=Windows_NT
PROCESSOR_IDENTIFIER=Intel64 Family 6 Model 60 Stepping 3, GenuineIntel



---------------  S Y S T E M  ---------------

OS: Windows 7 , 64 bit Build 7601 (6.1.7601.19045)
OS uptime: 0 days 6:46 hours

CPU:total 4 (initial active 4) (4 cores per cpu, 1 threads per core) family 6 model 60 stepping 3 microcode 0x0, cmov, cx8, fxsr, mmx, sse, sse2, sse3, ssse3, sse4.1, sse4.2, popcnt, avx, avx2, aes, clmul, erms, lzcnt, tsc, tscinvbit, bmi1, bmi2, fma

Memory: 4k page, system-wide physical 8063M (2638M free)
TotalPageFile size 16892M (AvailPageFile size 4449M)
current process WorkingSet (physical memory assigned to process): 210M, peak: 210M
current process commit charge ("private bytes"): 303M, peak: 303M

vm_info: OpenJDK 64-Bit Server VM (11.0.15+9-LTS) for windows-amd64 JRE (11.0.15+9-LTS), built on Apr 15 2022 22:20:31 by "Administrator" with unknown MS VC++:1916

END.
