#
# There is insufficient memory for the Java Runtime Environment to continue.
# Native memory allocation (mmap) failed to map 132120576 bytes for Failed to commit area from 0x0000000082000000 to 0x0000000089e00000 of length 132120576.
# Possible reasons:
#   The system is out of physical RAM or swap space
#   The process is running with CompressedOops enabled, and the Java Heap may be blocking the growth of the native heap
# Possible solutions:
#   Reduce memory load on the system
#   Increase physical memory or swap space
#   Check if swap backing store is full
#   Decrease Java heap size (-Xmx/-Xms)
#   Decrease number of Java threads
#   Decrease Java thread stack sizes (-Xss)
#   Set larger code cache with -XX:ReservedCodeCacheSize=
# This output file may be truncated or incomplete.
#
#  Out of Memory Error (./src/hotspot/os/windows/os_windows.cpp:3390), pid=9400, tid=10776
#
# JRE version:  (11.0.15+9) (build )
# Java VM: OpenJDK 64-Bit Server VM (11.0.15+9-LTS, mixed mode, sharing, tiered, compressed oops, g1 gc, windows-amd64)
# No core dump will be written. Minidumps are not enabled by default on client versions of Windows
#

---------------  S U M M A R Y ------------

Command Line: -XX:TieredStopAtLevel=1 -Xverify:none -Dspring.output.ansi.enabled=always -Dcom.sun.management.jmxremote -Dspring.jmx.enabled=true -Dspring.liveBeansView.mbeanDomain -Dspring.application.admin.enabled=true -Dmanagement.endpoints.jmx.exposure.include=* -javaagent:H:\java\IntelliJ IDEA 2022.2.3\lib\idea_rt.jar=52894:H:\java\IntelliJ IDEA 2022.2.3\bin -Dfile.encoding=UTF-8 ru.practicum.shareit.ShareItGateway

Host: Intel(R) Core(TM) i5-4460  CPU @ 3.20GHz, 4 cores, 7G,  Windows 7 , 64 bit Build 7601 (6.1.7601.19045)
Time: Sun Mar  5 05:23:49 2023 RTZ 3 (зима) elapsed time: 0.178761 seconds (0d 0h 0m 0s)

---------------  T H R E A D  ---------------

Current thread (0x0000000000383800):  JavaThread "Unknown thread" [_thread_in_vm, id=10776, stack(0x0000000002270000,0x0000000002370000)]

Stack: [0x0000000002270000,0x0000000002370000]
Native frames: (J=compiled Java code, j=interpreted, Vv=VM code, C=native code)
V  [jvm.dll+0x61e7ba]
V  [jvm.dll+0x7ab749]
V  [jvm.dll+0x7ace38]
V  [jvm.dll+0x7ad513]
V  [jvm.dll+0x24f968]
V  [jvm.dll+0x61ba5a]
V  [jvm.dll+0x6102b5]
V  [jvm.dll+0x30768c]
V  [jvm.dll+0x307512]
V  [jvm.dll+0x30c226]
V  [jvm.dll+0x3528cf]
V  [jvm.dll+0x352300]
V  [jvm.dll+0x2e4688]
V  [jvm.dll+0x2e57e6]
V  [jvm.dll+0x785597]
V  [jvm.dll+0x786d1f]
V  [jvm.dll+0x35f609]
V  [jvm.dll+0x768530]
V  [jvm.dll+0x3cd0ff]
V  [jvm.dll+0x3cf491]
C  [jli.dll+0x5207]
C  [ucrtbase.DLL+0x203ba]
C  [kernel32.dll+0x15a4d]
C  [ntdll.dll+0x2b831]


---------------  P R O C E S S  ---------------

Threads class SMR info:
_java_thread_list=0x000000000035c950, length=0, elements={
}

Java Threads: ( => current thread )

Other Threads:
  0x000000000039c800 GCTaskThread "GC Thread#0" [stack: 0x00000000023f0000,0x00000000024f0000] [id=10960]
  0x00000000003cc800 ConcurrentGCThread "G1 Main Marker" [stack: 0x000000001f1a0000,0x000000001f2a0000] [id=2008]
  0x00000000003cd800 ConcurrentGCThread "G1 Conc#0" [stack: 0x000000001f0a0000,0x000000001f1a0000] [id=9760]

[error occurred during error reporting (printing all threads), id 0xc0000005, EXCEPTION_ACCESS_VIOLATION (0xc0000005) at pc=0x000007fed9c73e57]

VM state:not at safepoint (not fully initialized)

VM Mutex/Monitor currently owned by a thread:  ([mutex/lock_event])
[0x0000000000381080] Heap_lock - owner thread: 0x0000000000383800

Heap address: 0x0000000082000000, size: 2016 MB, Compressed Oops mode: Non-zero based: 0x0000000082000000
Narrow klass base: 0x0000000000000000, Narrow klass shift: 0

GC Heap History (0 events):
No events

Deoptimization events (0 events):
No events

Classes redefined (0 events):
No events

Internal exceptions (0 events):
No events

Events (1 events):
Event: 0.007 Loaded shared library H:\java\jdk-11-Amazon\Amazon Corretto\jdk11.0.15_9\bin\zip.dll


Dynamic libraries:
0x000000013f3f0000 - 0x000000013f3fd000 	H:\java\jdk-11-Amazon\Amazon Corretto\jdk11.0.15_9\bin\java.exe
0x0000000077110000 - 0x00000000772b9000 	C:\Windows\SYSTEM32\ntdll.dll
0x0000000076ef0000 - 0x0000000077010000 	C:\Windows\system32\kernel32.dll
0x000007fefcf90000 - 0x000007fefcffc000 	C:\Windows\system32\KERNELBASE.dll
0x000007feddbd0000 - 0x000007feddbe7000 	H:\java\jdk-11-Amazon\Amazon Corretto\jdk11.0.15_9\bin\jli.dll
0x000007fefb0b0000 - 0x000007fefb2a4000 	C:\Windows\WinSxS\amd64_microsoft.windows.common-controls_6595b64144ccf1df_6.0.7601.18837_none_fa3b1e3d17594757\COMCTL32.dll
0x000007fefedc0000 - 0x000007fefee5f000 	C:\Windows\system32\msvcrt.dll
0x000007fefead0000 - 0x000007fefeb37000 	C:\Windows\system32\GDI32.dll
0x0000000077010000 - 0x000000007710a000 	C:\Windows\system32\USER32.dll
0x000007fefe270000 - 0x000007fefe27e000 	C:\Windows\system32\LPK.dll
0x000007fefeb60000 - 0x000007fefec2a000 	C:\Windows\system32\USP10.dll
0x000007fefe760000 - 0x000007fefe7d1000 	C:\Windows\system32\SHLWAPI.dll
0x000007feddbb0000 - 0x000007feddbc9000 	H:\java\jdk-11-Amazon\Amazon Corretto\jdk11.0.15_9\bin\VCRUNTIME140.dll
0x000007feddba0000 - 0x000007feddba4000 	H:\java\jdk-11-Amazon\Amazon Corretto\jdk11.0.15_9\bin\api-ms-win-crt-runtime-l1-1-0.dll
0x000007feddaa0000 - 0x000007feddb9c000 	H:\java\jdk-11-Amazon\Amazon Corretto\jdk11.0.15_9\bin\ucrtbase.DLL
0x000007fedda90000 - 0x000007fedda93000 	H:\java\jdk-11-Amazon\Amazon Corretto\jdk11.0.15_9\bin\api-ms-win-core-localization-l1-2-0.dll
0x000007fedda80000 - 0x000007fedda83000 	H:\java\jdk-11-Amazon\Amazon Corretto\jdk11.0.15_9\bin\api-ms-win-core-processthreads-l1-1-1.dll
0x000007fedda70000 - 0x000007fedda73000 	H:\java\jdk-11-Amazon\Amazon Corretto\jdk11.0.15_9\bin\api-ms-win-core-file-l1-2-0.dll
0x000007fedda60000 - 0x000007fedda63000 	H:\java\jdk-11-Amazon\Amazon Corretto\jdk11.0.15_9\bin\api-ms-win-core-timezone-l1-1-0.dll
0x000007fedda50000 - 0x000007fedda53000 	H:\java\jdk-11-Amazon\Amazon Corretto\jdk11.0.15_9\bin\api-ms-win-core-file-l2-1-0.dll
0x000007fedda40000 - 0x000007fedda43000 	H:\java\jdk-11-Amazon\Amazon Corretto\jdk11.0.15_9\bin\api-ms-win-core-synch-l1-2-0.dll
0x000007fedda30000 - 0x000007fedda33000 	H:\java\jdk-11-Amazon\Amazon Corretto\jdk11.0.15_9\bin\api-ms-win-crt-heap-l1-1-0.dll
0x000007fedda20000 - 0x000007fedda24000 	H:\java\jdk-11-Amazon\Amazon Corretto\jdk11.0.15_9\bin\api-ms-win-crt-string-l1-1-0.dll
0x000007fedda10000 - 0x000007fedda14000 	H:\java\jdk-11-Amazon\Amazon Corretto\jdk11.0.15_9\bin\api-ms-win-crt-stdio-l1-1-0.dll
0x000007fedda00000 - 0x000007fedda04000 	H:\java\jdk-11-Amazon\Amazon Corretto\jdk11.0.15_9\bin\api-ms-win-crt-convert-l1-1-0.dll
0x000007fedd9f0000 - 0x000007fedd9f3000 	H:\java\jdk-11-Amazon\Amazon Corretto\jdk11.0.15_9\bin\api-ms-win-crt-environment-l1-1-0.dll
0x000007fedd9e0000 - 0x000007fedd9e3000 	H:\java\jdk-11-Amazon\Amazon Corretto\jdk11.0.15_9\bin\api-ms-win-crt-filesystem-l1-1-0.dll
0x000007fedd9d0000 - 0x000007fedd9d5000 	H:\java\jdk-11-Amazon\Amazon Corretto\jdk11.0.15_9\bin\api-ms-win-crt-math-l1-1-0.dll
0x000007fedd9c0000 - 0x000007fedd9c3000 	H:\java\jdk-11-Amazon\Amazon Corretto\jdk11.0.15_9\bin\api-ms-win-crt-locale-l1-1-0.dll
0x000007fefef40000 - 0x000007fefef6e000 	C:\Windows\system32\IMM32.DLL
0x000007fefe650000 - 0x000007fefe759000 	C:\Windows\system32\MSCTF.dll
0x000007fedd920000 - 0x000007fedd9bb000 	H:\java\jdk-11-Amazon\Amazon Corretto\jdk11.0.15_9\bin\msvcp140.dll
0x000007fedd910000 - 0x000007fedd913000 	H:\java\jdk-11-Amazon\Amazon Corretto\jdk11.0.15_9\bin\api-ms-win-crt-time-l1-1-0.dll
0x000007fedd900000 - 0x000007fedd903000 	H:\java\jdk-11-Amazon\Amazon Corretto\jdk11.0.15_9\bin\api-ms-win-crt-utility-l1-1-0.dll
0x000007fed9980000 - 0x000007feda503000 	H:\java\jdk-11-Amazon\Amazon Corretto\jdk11.0.15_9\bin\server\jvm.dll
0x000007fefe570000 - 0x000007fefe64b000 	C:\Windows\system32\ADVAPI32.dll
0x000007fefe280000 - 0x000007fefe29f000 	C:\Windows\SYSTEM32\sechost.dll
0x000007fefe440000 - 0x000007fefe56d000 	C:\Windows\system32\RPCRT4.dll
0x000007fef8ab0000 - 0x000007fef8ab9000 	C:\Windows\system32\WSOCK32.dll
0x000007fefe2a0000 - 0x000007fefe2ed000 	C:\Windows\system32\WS2_32.dll
0x000007fefe390000 - 0x000007fefe398000 	C:\Windows\system32\NSI.dll
0x000007fefa9c0000 - 0x000007fefa9fb000 	C:\Windows\system32\WINMM.dll
0x000007fefbf50000 - 0x000007fefbf5c000 	C:\Windows\system32\VERSION.dll
0x00000000772d0000 - 0x00000000772d7000 	C:\Windows\system32\PSAPI.DLL
0x000007fedd8f0000 - 0x000007fedd900000 	H:\java\jdk-11-Amazon\Amazon Corretto\jdk11.0.15_9\bin\verify.dll
0x000007fef93a0000 - 0x000007fef94c5000 	C:\Windows\system32\DBGHELP.DLL
0x000007fedd8c0000 - 0x000007fedd8e8000 	H:\java\jdk-11-Amazon\Amazon Corretto\jdk11.0.15_9\bin\java.dll
0x000007fedd8b0000 - 0x000007fedd8ba000 	H:\java\jdk-11-Amazon\Amazon Corretto\jdk11.0.15_9\bin\jimage.dll
0x000007feef7c0000 - 0x000007feef7ce000 	H:\java\jdk-11-Amazon\Amazon Corretto\jdk11.0.15_9\bin\instrument.dll
0x000007fedd890000 - 0x000007fedd8a8000 	H:\java\jdk-11-Amazon\Amazon Corretto\jdk11.0.15_9\bin\zip.dll

dbghelp: loaded successfully - version: 4.0.5 - missing functions: none
symbol engine: initialized successfully - sym options: 0x614 - pdb path: .;H:\java\jdk-11-Amazon\Amazon Corretto\jdk11.0.15_9\bin;C:\Windows\SYSTEM32;C:\Windows\WinSxS\amd64_microsoft.windows.common-controls_6595b64144ccf1df_6.0.7601.18837_none_fa3b1e3d17594757;H:\java\jdk-11-Amazon\Amazon Corretto\jdk11.0.15_9\bin\server

VM Arguments:
jvm_args: -XX:TieredStopAtLevel=1 -Xverify:none -Dspring.output.ansi.enabled=always -Dcom.sun.management.jmxremote -Dspring.jmx.enabled=true -Dspring.liveBeansView.mbeanDomain -Dspring.application.admin.enabled=true -Dmanagement.endpoints.jmx.exposure.include=* -javaagent:H:\java\IntelliJ IDEA 2022.2.3\lib\idea_rt.jar=52894:H:\java\IntelliJ IDEA 2022.2.3\bin -Dfile.encoding=UTF-8 
java_command: ru.practicum.shareit.ShareItGateway
java_class_path (initial): H:\java\progi\yandex\java-shareit\gateway\target\classes;C:\Users\Михалыч\.m2\repository\org\springframework\boot\spring-boot-starter-web\2.7.2\spring-boot-starter-web-2.7.2.jar;C:\Users\Михалыч\.m2\repository\org\springframework\boot\spring-boot-starter\2.7.2\spring-boot-starter-2.7.2.jar;C:\Users\Михалыч\.m2\repository\org\springframework\boot\spring-boot\2.7.2\spring-boot-2.7.2.jar;C:\Users\Михалыч\.m2\repository\org\springframework\boot\spring-boot-autoconfigure\2.7.2\spring-boot-autoconfigure-2.7.2.jar;C:\Users\Михалыч\.m2\repository\org\springframework\boot\spring-boot-starter-logging\2.7.2\spring-boot-starter-logging-2.7.2.jar;C:\Users\Михалыч\.m2\repository\ch\qos\logback\logback-classic\1.2.11\logback-classic-1.2.11.jar;C:\Users\Михалыч\.m2\repository\ch\qos\logback\logback-core\1.2.11\logback-core-1.2.11.jar;C:\Users\Михалыч\.m2\repository\org\apache\logging\log4j\log4j-to-slf4j\2.17.2\log4j-to-slf4j-2.17.2.jar;C:\Users\Михалыч\.m2\repository\org\apache\logging\log4j\log4j-api\2.17.2\log4j-api-2.17.2.jar;C:\Users\Михалыч\.m2\repository\org\slf4j\jul-to-slf4j\1.7.36\jul-to-slf4j-1.7.36.jar;C:\Users\Михалыч\.m2\repository\jakarta\annotation\jakarta.annotation-api\1.3.5\jakarta.annotation-api-1.3.5.jar;C:\Users\Михалыч\.m2\repository\org\yaml\snakeyaml\1.30\snakeyaml-1.30.jar;C:\Users\Михалыч\.m2\repository\org\springframework\boot\spring-boot-starter-json\2.7.2\spring-boot-starter-json-2.7.2.jar;C:\Users\Михалыч\.m2\repository\com\fasterxml\jackson\core\jackson-databind\2.13.3\jackson-databind-2.13.3.jar;C:\Users\Михалыч\.m2\repository\com\fasterxml\jackson\core\jackson-annotations\2.13.3\jackson-annotations-2.13.3.jar;C:\Users\Михалыч\.m2\repository\com\fasterxml\jackson\core\jackson-core\2.13.3\jackson-core-2.13.3.jar;C:\Users\Михалыч\.m2\repository\com\fasterxml\jackson\datatype\jackson-datatype-jdk8\2.13.3\jackson-datatype-jdk8-2.13.3.jar;C:\Users\Михалыч\.m2\repository\com\fasterxml\jackson\datatype\jackson-datatype-jsr310\2
Launcher Type: SUN_STANDARD

[Global flags]
     bool BytecodeVerificationLocal                = false                                     {product} {command line}
     bool BytecodeVerificationRemote               = false                                     {product} {command line}
     intx CICompilerCount                          = 3                                         {product} {ergonomic}
     uint ConcGCThreads                            = 1                                         {product} {ergonomic}
     uint G1ConcRefinementThreads                  = 4                                         {product} {ergonomic}
   size_t G1HeapRegionSize                         = 1048576                                   {product} {ergonomic}
    uintx GCDrainStackTargetSize                   = 64                                        {product} {ergonomic}
   size_t InitialHeapSize                          = 132120576                                 {product} {ergonomic}
     bool ManagementServer                         = true                                      {product} {command line}
   size_t MarkStackSize                            = 4194304                                   {product} {ergonomic}
   size_t MaxHeapSize                              = 2113929216                                {product} {ergonomic}
   size_t MinHeapDeltaBytes                        = 1048576                                   {product} {ergonomic}
    uintx NonNMethodCodeHeapSize                   = 6973028                                {pd product} {ergonomic}
    uintx NonProfiledCodeHeapSize                  = 244685212                              {pd product} {ergonomic}
    uintx ProfiledCodeHeapSize                     = 0                                      {pd product} {ergonomic}
    uintx ReservedCodeCacheSize                    = 251658240                              {pd product} {ergonomic}
     bool SegmentedCodeCache                       = true                                      {product} {ergonomic}
     intx TieredStopAtLevel                        = 1                                         {product} {command line}
     bool UseCompressedClassPointers               = true                                 {lp64_product} {ergonomic}
     bool UseCompressedOops                        = true                                 {lp64_product} {ergonomic}
     bool UseG1GC                                  = true                                      {product} {ergonomic}
     bool UseLargePagesIndividualAllocation        = false                                  {pd product} {ergonomic}

Logging:
Log output configuration:
 #0: stdout all=warning uptime,level,tags
 #1: stderr all=off uptime,level,tags

Environment Variables:
JAVA_HOME=H:\java\jdk-11-Amazon\Amazon Corretto\jdk11.0.15_9
PATH=H:\java\jdk-11-Amazon\Amazon Corretto\jdk11.0.15_9\bin;C:\Program Files\Common Files\Oracle\Java\javapath;C:\ProgramData\Oracle\Java\javapath;C:\Program Files (x86)\Borland\Delphi7\Bin;C:\Program Files (x86)\Borland\Delphi7\Projects\Bpl\;C:\Program Files\Common Files\Microsoft Shared\Windows Live;C:\Program Files (x86)\Common Files\Microsoft Shared\Windows Live;C:\Program Files (x86)\Intel\iCLS Client\;C:\Program Files\Intel\iCLS Client\;C:\Windows\system32;C:\Windows;C:\Windows\System32\Wbem;C:\Windows\System32\WindowsPowerShell\v1.0\;C:\Program Files\Intel\Intel(R) Management Engine Components\DAL;C:\Program Files\Intel\Intel(R) Management Engine Components\IPT;C:\Program Files (x86)\Intel\Intel(R) Management Engine Components\DAL;C:\Program Files (x86)\Intel\Intel(R) Management Engine Components\IPT;C:\Program Files (x86)\Windows Live\Shared;C:\Program Files (x86)\Skype\Phone\;H:\java\jdk-11-Amazon\Amazon Corretto\jdk11.0.15_9\bin;C:\Program Files\nodejs\;H:\Git\cmd;C:\Users\Михалыч\AppData\Roaming\npm
USERNAME=Михалыч
OS=Windows_NT
PROCESSOR_IDENTIFIER=Intel64 Family 6 Model 60 Stepping 3, GenuineIntel



---------------  S Y S T E M  ---------------

OS: Windows 7 , 64 bit Build 7601 (6.1.7601.19045)
OS uptime: 5 days 13:37 hours

CPU:total 4 (initial active 4) (4 cores per cpu, 1 threads per core) family 6 model 60 stepping 3 microcode 0x0, cmov, cx8, fxsr, mmx, sse, sse2, sse3, ssse3, sse4.1, sse4.2, popcnt, avx, avx2, aes, clmul, erms, lzcnt, tsc, tscinvbit, bmi1, bmi2, fma

Memory: 4k page, system-wide physical 8063M (832M free)
TotalPageFile size 16892M (AvailPageFile size 90M)
current process WorkingSet (physical memory assigned to process): 10M, peak: 10M
current process commit charge ("private bytes"): 56M, peak: 180M

vm_info: OpenJDK 64-Bit Server VM (11.0.15+9-LTS) for windows-amd64 JRE (11.0.15+9-LTS), built on Apr 15 2022 22:20:31 by "Administrator" with unknown MS VC++:1916

END.
